[ 2015-08-31T10:42:36+08:00 ] 127.0.0.1 /shop/index.php/Home/User/login
ERR: 模板不存在:E:/web/0710/shop/Home/View/User/login.html

[ 2015-08-31T10:46:20+08:00 ] 127.0.0.1 /shop/index.php/Home/User/login
INFO: [ app_init ] --START--
INFO: Run Behavior\BuildLiteBehavior [ RunTime:0.000031s ]
INFO: [ app_init ] --END-- [ RunTime:0.001454s ]
INFO: [ app_begin ] --START--
INFO: Run Behavior\ReadHtmlCacheBehavior [ RunTime:0.002155s ]
INFO: [ app_begin ] --END-- [ RunTime:0.002375s ]
ERR: 模板不存在:E:/web/0710/shop/Home/View/User/login.html

[ 2015-08-31T10:48:10+08:00 ] 127.0.0.1 /shop/index.php/Home/User/login
INFO: [ app_init ] --START--
INFO: Run Behavior\BuildLiteBehavior [ RunTime:0.000042s ]
INFO: [ app_init ] --END-- [ RunTime:0.006984s ]
INFO: [ app_begin ] --START--
INFO: Run Behavior\ReadHtmlCacheBehavior [ RunTime:0.002654s ]
INFO: [ app_begin ] --END-- [ RunTime:0.002854s ]
INFO: [ view_parse ] --START--
INFO: [ template_filter ] --START--
INFO: Run Behavior\ContentReplaceBehavior [ RunTime:0.000071s ]
INFO: [ template_filter ] --END-- [ RunTime:0.000205s ]
INFO: Run Behavior\ParseTemplateBehavior [ RunTime:0.015084s ]
INFO: [ view_parse ] --END-- [ RunTime:0.015376s ]
INFO: [ view_filter ] --START--
INFO: Run Behavior\WriteHtmlCacheBehavior [ RunTime:0.001246s ]
INFO: [ view_filter ] --END-- [ RunTime:0.001433s ]
INFO: [ app_end ] --START--
INFO: Run Behavior\ShowPageTraceBehavior [ RunTime:0.001200s ]
INFO: [ app_end ] --END-- [ RunTime:0.001331s ]

[ 2015-08-31T10:48:56+08:00 ] 127.0.0.1 /shop/index.php/Home/User/register
INFO: [ app_init ] --START--
INFO: Run Behavior\BuildLiteBehavior [ RunTime:0.000028s ]
INFO: [ app_init ] --END-- [ RunTime:0.000808s ]
INFO: [ app_begin ] --START--
INFO: Run Behavior\ReadHtmlCacheBehavior [ RunTime:0.001031s ]
INFO: [ app_begin ] --END-- [ RunTime:0.001144s ]
ERR: 模板不存在:E:/web/0710/shop/Home/View/User/register.html

[ 2015-08-31T10:49:24+08:00 ] 127.0.0.1 /shop/index.php/Home/User/register
INFO: [ app_init ] --START--
INFO: Run Behavior\BuildLiteBehavior [ RunTime:0.000046s ]
INFO: [ app_init ] --END-- [ RunTime:0.001627s ]
INFO: [ app_begin ] --START--
INFO: Run Behavior\ReadHtmlCacheBehavior [ RunTime:0.001433s ]
INFO: [ app_begin ] --END-- [ RunTime:0.001634s ]
INFO: [ view_parse ] --START--
INFO: [ template_filter ] --START--
INFO: Run Behavior\ContentReplaceBehavior [ RunTime:0.000109s ]
INFO: [ template_filter ] --END-- [ RunTime:0.000290s ]
INFO: Run Behavior\ParseTemplateBehavior [ RunTime:0.027510s ]
INFO: [ view_parse ] --END-- [ RunTime:0.027728s ]
INFO: [ view_filter ] --START--
INFO: Run Behavior\WriteHtmlCacheBehavior [ RunTime:0.000719s ]
INFO: [ view_filter ] --END-- [ RunTime:0.000880s ]
INFO: [ app_end ] --START--
INFO: Run Behavior\ShowPageTraceBehavior [ RunTime:0.001075s ]
INFO: [ app_end ] --END-- [ RunTime:0.001207s ]

[ 2015-08-31T10:50:58+08:00 ] 127.0.0.1 /shop/index.php/Home/Goods/showlist
INFO: [ app_init ] --START--
INFO: Run Behavior\BuildLiteBehavior [ RunTime:0.000041s ]
INFO: [ app_init ] --END-- [ RunTime:0.001177s ]
INFO: [ app_begin ] --START--
INFO: Run Behavior\ReadHtmlCacheBehavior [ RunTime:0.001696s ]
INFO: [ app_begin ] --END-- [ RunTime:0.001837s ]
INFO: [ view_parse ] --START--
INFO: [ template_filter ] --START--
INFO: Run Behavior\ContentReplaceBehavior [ RunTime:0.000075s ]
INFO: [ template_filter ] --END-- [ RunTime:0.000219s ]
INFO: Run Behavior\ParseTemplateBehavior [ RunTime:0.015324s ]
INFO: [ view_parse ] --END-- [ RunTime:0.015500s ]
INFO: [ view_filter ] --START--
INFO: Run Behavior\WriteHtmlCacheBehavior [ RunTime:0.001124s ]
INFO: [ view_filter ] --END-- [ RunTime:0.001263s ]
INFO: [ app_end ] --START--
INFO: Run Behavior\ShowPageTraceBehavior [ RunTime:0.002233s ]
INFO: [ app_end ] --END-- [ RunTime:0.002505s ]

[ 2015-08-31T10:51:03+08:00 ] 127.0.0.1 /shop/index.php/Home/Goods/detail
INFO: [ app_init ] --START--
INFO: Run Behavior\BuildLiteBehavior [ RunTime:0.000027s ]
INFO: [ app_init ] --END-- [ RunTime:0.000628s ]
INFO: [ app_begin ] --START--
INFO: Run Behavior\ReadHtmlCacheBehavior [ RunTime:0.002106s ]
INFO: [ app_begin ] --END-- [ RunTime:0.002284s ]
INFO: [ view_parse ] --START--
INFO: [ template_filter ] --START--
INFO: Run Behavior\ContentReplaceBehavior [ RunTime:0.000113s ]
INFO: [ template_filter ] --END-- [ RunTime:0.000304s ]
INFO: Run Behavior\ParseTemplateBehavior [ RunTime:0.019945s ]
INFO: [ view_parse ] --END-- [ RunTime:0.020840s ]
INFO: [ view_filter ] --START--
INFO: Run Behavior\WriteHtmlCacheBehavior [ RunTime:0.000776s ]
INFO: [ view_filter ] --END-- [ RunTime:0.000940s ]
INFO: [ app_end ] --START--
INFO: Run Behavior\ShowPageTraceBehavior [ RunTime:0.001752s ]
INFO: [ app_end ] --END-- [ RunTime:0.001915s ]

[ 2015-08-31T10:52:05+08:00 ] 127.0.0.1 /shop/index.php/Home/
INFO: [ app_init ] --START--
INFO: Run Behavior\BuildLiteBehavior [ RunTime:0.000042s ]
INFO: [ app_init ] --END-- [ RunTime:0.001854s ]
INFO: [ app_begin ] --START--
INFO: Run Behavior\ReadHtmlCacheBehavior [ RunTime:0.001278s ]
INFO: [ app_begin ] --END-- [ RunTime:0.001448s ]
INFO: [ app_end ] --START--
INFO: Run Behavior\ShowPageTraceBehavior [ RunTime:0.001274s ]
INFO: [ app_end ] --END-- [ RunTime:0.001455s ]

[ 2015-08-31T10:52:21+08:00 ] 127.0.0.1 /shop/index.php/Home/
INFO: [ app_init ] --START--
INFO: Run Behavior\BuildLiteBehavior [ RunTime:0.000039s ]
INFO: [ app_init ] --END-- [ RunTime:0.001416s ]
INFO: [ app_begin ] --START--
INFO: Run Behavior\ReadHtmlCacheBehavior [ RunTime:0.003362s ]
INFO: [ app_begin ] --END-- [ RunTime:0.003560s ]
INFO: [ view_parse ] --START--
INFO: [ template_filter ] --START--
INFO: Run Behavior\ContentReplaceBehavior [ RunTime:0.000075s ]
INFO: [ template_filter ] --END-- [ RunTime:0.000197s ]
INFO: Run Behavior\ParseTemplateBehavior [ RunTime:0.011245s ]
INFO: [ view_parse ] --END-- [ RunTime:0.011403s ]
INFO: [ view_filter ] --START--
INFO: Run Behavior\WriteHtmlCacheBehavior [ RunTime:0.000518s ]
INFO: [ view_filter ] --END-- [ RunTime:0.000610s ]
INFO: [ app_end ] --START--
INFO: Run Behavior\ShowPageTraceBehavior [ RunTime:0.000952s ]
INFO: [ app_end ] --END-- [ RunTime:0.001053s ]

[ 2015-08-31T10:53:50+08:00 ] 127.0.0.1 /shop/index.php/Home/User/login
INFO: [ app_init ] --START--
INFO: Run Behavior\BuildLiteBehavior [ RunTime:0.000028s ]
INFO: [ app_init ] --END-- [ RunTime:0.000979s ]
INFO: [ app_begin ] --START--
INFO: Run Behavior\ReadHtmlCacheBehavior [ RunTime:0.001446s ]
INFO: [ app_begin ] --END-- [ RunTime:0.001605s ]
INFO: [ view_parse ] --START--
INFO: [ template_filter ] --START--
INFO: Run Behavior\ContentReplaceBehavior [ RunTime:0.000080s ]
INFO: [ template_filter ] --END-- [ RunTime:0.000237s ]
INFO: Run Behavior\ParseTemplateBehavior [ RunTime:0.012302s ]
INFO: [ view_parse ] --END-- [ RunTime:0.012467s ]
INFO: [ view_filter ] --START--
INFO: Run Behavior\WriteHtmlCacheBehavior [ RunTime:0.000800s ]
INFO: [ view_filter ] --END-- [ RunTime:0.000977s ]
INFO: [ app_end ] --START--
INFO: Run Behavior\ShowPageTraceBehavior [ RunTime:0.001431s ]
INFO: [ app_end ] --END-- [ RunTime:0.001579s ]

[ 2015-08-31T10:54:47+08:00 ] 127.0.0.1 /shop/index.php/Home/User/login
INFO: [ app_init ] --START--
INFO: Run Behavior\BuildLiteBehavior [ RunTime:0.000026s ]
INFO: [ app_init ] --END-- [ RunTime:0.000669s ]
INFO: [ app_begin ] --START--
INFO: Run Behavior\ReadHtmlCacheBehavior [ RunTime:0.001013s ]
INFO: [ app_begin ] --END-- [ RunTime:0.001126s ]
INFO: [ view_parse ] --START--
INFO: [ template_filter ] --START--
INFO: Run Behavior\ContentReplaceBehavior [ RunTime:0.000117s ]
INFO: [ template_filter ] --END-- [ RunTime:0.000331s ]
INFO: Run Behavior\ParseTemplateBehavior [ RunTime:0.017140s ]
INFO: [ view_parse ] --END-- [ RunTime:0.017309s ]
INFO: [ view_filter ] --START--
INFO: Run Behavior\WriteHtmlCacheBehavior [ RunTime:0.000713s ]
INFO: [ view_filter ] --END-- [ RunTime:0.000861s ]
INFO: [ app_end ] --START--
INFO: Run Behavior\ShowPageTraceBehavior [ RunTime:0.001284s ]
INFO: [ app_end ] --END-- [ RunTime:0.001410s ]

[ 2015-08-31T11:13:54+08:00 ] 127.0.0.1 /shop/index.php/Home/Index/index
INFO: [ app_init ] --START--
INFO: Run Behavior\BuildLiteBehavior [ RunTime:0.000041s ]
INFO: [ app_init ] --END-- [ RunTime:0.001454s ]
INFO: [ app_begin ] --START--
INFO: Run Behavior\ReadHtmlCacheBehavior [ RunTime:0.002857s ]
INFO: [ app_begin ] --END-- [ RunTime:0.003058s ]
INFO: [ view_parse ] --START--
INFO: [ template_filter ] --START--
INFO: Run Behavior\ContentReplaceBehavior [ RunTime:0.000236s ]
INFO: [ template_filter ] --END-- [ RunTime:0.000374s ]
INFO: Run Behavior\ParseTemplateBehavior [ RunTime:0.035905s ]
INFO: [ view_parse ] --END-- [ RunTime:0.036071s ]
INFO: [ view_filter ] --START--
INFO: Run Behavior\WriteHtmlCacheBehavior [ RunTime:0.000694s ]
INFO: [ view_filter ] --END-- [ RunTime:0.000820s ]
INFO: [ app_end ] --START--
INFO: Run Behavior\ShowPageTraceBehavior [ RunTime:0.001384s ]
INFO: [ app_end ] --END-- [ RunTime:0.001550s ]

[ 2015-08-31T11:13:55+08:00 ] 127.0.0.1 /shop/index.php/Home/Index/css/style.css
INFO: [ app_init ] --START--
INFO: Run Behavior\BuildLiteBehavior [ RunTime:0.000026s ]
INFO: [ app_init ] --END-- [ RunTime:0.000674s ]
INFO: [ app_begin ] --START--
INFO: Run Behavior\ReadHtmlCacheBehavior [ RunTime:0.000835s ]
INFO: [ app_begin ] --END-- [ RunTime:0.000943s ]
ERR: 非法操作:css

[ 2015-08-31T11:13:55+08:00 ] 127.0.0.1 /shop/index.php/Home/Index/images/logo.gif
INFO: [ app_init ] --START--
INFO: Run Behavior\BuildLiteBehavior [ RunTime:0.000038s ]
INFO: [ app_init ] --END-- [ RunTime:0.000923s ]

[ 2015-08-31T11:13:55+08:00 ] 127.0.0.1 /shop/index.php/Home/Index/images/biao3.gif
INFO: [ app_init ] --START--
INFO: Run Behavior\BuildLiteBehavior [ RunTime:0.000089s ]
INFO: [ app_init ] --END-- [ RunTime:0.001026s ]

[ 2015-08-31T11:13:55+08:00 ] 127.0.0.1 /shop/index.php/Home/Index/images/biao6.gif
INFO: [ app_init ] --START--
INFO: Run Behavior\BuildLiteBehavior [ RunTime:0.000038s ]
INFO: [ app_init ] --END-- [ RunTime:0.000965s ]

[ 2015-08-31T11:13:55+08:00 ] 127.0.0.1 /shop/index.php/Home/Index/images/biao7.gif
INFO: [ app_init ] --START--
INFO: Run Behavior\BuildLiteBehavior [ RunTime:0.000040s ]
INFO: [ app_init ] --END-- [ RunTime:0.001273s ]

[ 2015-08-31T11:13:55+08:00 ] 127.0.0.1 /shop/index.php/Home/Index/images/top_2.gif
INFO: [ app_init ] --START--
INFO: Run Behavior\BuildLiteBehavior [ RunTime:0.000040s ]
INFO: [ app_init ] --END-- [ RunTime:0.001355s ]

[ 2015-08-31T11:13:55+08:00 ] 127.0.0.1 /shop/index.php/Home/Index/images/top_3.gif
INFO: [ app_init ] --START--
INFO: Run Behavior\BuildLiteBehavior [ RunTime:0.000039s ]
INFO: [ app_init ] --END-- [ RunTime:0.000844s ]

[ 2015-08-31T11:13:55+08:00 ] 127.0.0.1 /shop/index.php/Home/Index/images/24_thumb_G_1241971981429.jpg
INFO: [ app_init ] --START--
INFO: Run Behavior\BuildLiteBehavior [ RunTime:0.000038s ]
INFO: [ app_init ] --END-- [ RunTime:0.000906s ]

[ 2015-08-31T11:13:55+08:00 ] 127.0.0.1 /shop/index.php/Home/Index/images/12_thumb_G_1241965978410.jpg
INFO: [ app_init ] --START--
INFO: Run Behavior\BuildLiteBehavior [ RunTime:0.000041s ]
INFO: [ app_init ] --END-- [ RunTime:0.000876s ]

[ 2015-08-31T11:13:55+08:00 ] 127.0.0.1 /shop/index.php/Home/Index/images/top_4.gif
INFO: [ app_init ] --START--
INFO: Run Behavior\BuildLiteBehavior [ RunTime:0.000038s ]
INFO: [ app_init ] --END-- [ RunTime:0.002405s ]

[ 2015-08-31T11:13:55+08:00 ] 127.0.0.1 /shop/index.php/Home/Index/images/top_7.gif
INFO: [ app_init ] --START--
INFO: Run Behavior\BuildLiteBehavior [ RunTime:0.000040s ]
INFO: [ app_init ] --END-- [ RunTime:0.000899s ]

[ 2015-08-31T11:13:55+08:00 ] 127.0.0.1 /shop/index.php/Home/Index/images/top_6.gif
INFO: [ app_init ] --START--
INFO: Run Behavior\BuildLiteBehavior [ RunTime:0.000036s ]
INFO: [ app_init ] --END-- [ RunTime:0.000899s ]

[ 2015-08-31T11:13:55+08:00 ] 127.0.0.1 /shop/index.php/Home/Index/images/3_thumb_G_1241422082679.jpg
INFO: [ app_init ] --START--
INFO: Run Behavior\BuildLiteBehavior [ RunTime:0.000037s ]
INFO: [ app_init ] --END-- [ RunTime:0.001535s ]

[ 2015-08-31T11:13:55+08:00 ] 127.0.0.1 /shop/index.php/Home/Index/images/1240803062307572427.gif
INFO: [ app_init ] --START--
INFO: Run Behavior\BuildLiteBehavior [ RunTime:0.000039s ]
INFO: [ app_init ] --END-- [ RunTime:0.000883s ]

[ 2015-08-31T11:13:55+08:00 ] 127.0.0.1 /shop/index.php/Home/Index/images/top_5.gif
INFO: [ app_init ] --START--
INFO: Run Behavior\BuildLiteBehavior [ RunTime:0.000045s ]
INFO: [ app_init ] --END-- [ RunTime:0.021338s ]

[ 2015-08-31T11:13:55+08:00 ] 127.0.0.1 /shop/index.php/Home/Index/images/1240803144788047486.gif
INFO: [ app_init ] --START--
INFO: Run Behavior\BuildLiteBehavior [ RunTime:0.000035s ]
INFO: [ app_init ] --END-- [ RunTime:0.001151s ]

[ 2015-08-31T11:13:55+08:00 ] 127.0.0.1 /shop/index.php/Home/Index/images/1240802922410634065.gif
INFO: [ app_init ] --START--
INFO: Run Behavior\BuildLiteBehavior [ RunTime:0.000036s ]
INFO: [ app_init ] --END-- [ RunTime:0.000865s ]

[ 2015-08-31T11:13:55+08:00 ] 127.0.0.1 /shop/index.php/Home/Index/images/111.jpg
INFO: [ app_init ] --START--
INFO: Run Behavior\BuildLiteBehavior [ RunTime:0.000043s ]
INFO: [ app_init ] --END-- [ RunTime:0.002302s ]

[ 2015-08-31T11:13:55+08:00 ] 127.0.0.1 /shop/index.php/Home/Index/images/9_thumb_G_1241511871555.jpg
INFO: [ app_init ] --START--
INFO: Run Behavior\BuildLiteBehavior [ RunTime:0.000040s ]
INFO: [ app_init ] --END-- [ RunTime:0.001297s ]

[ 2015-08-31T11:13:55+08:00 ] 127.0.0.1 /shop/index.php/Home/Index/images/8_thumb_G_1241425513488.jpg
INFO: [ app_init ] --START--
INFO: Run Behavior\BuildLiteBehavior [ RunTime:0.000036s ]
INFO: [ app_init ] --END-- [ RunTime:0.000892s ]

[ 2015-08-31T11:13:55+08:00 ] 127.0.0.1 /shop/index.php/Home/Index/images/1_thumb_G_1240902890710.jpg
INFO: [ app_init ] --START--
INFO: Run Behavior\BuildLiteBehavior [ RunTime:0.000039s ]
INFO: [ app_init ] --END-- [ RunTime:0.000929s ]

[ 2015-08-31T11:13:55+08:00 ] 127.0.0.1 /shop/index.php/Home/Index/images/di.jpg
INFO: [ app_init ] --START--
INFO: Run Behavior\BuildLiteBehavior [ RunTime:0.000040s ]
INFO: [ app_init ] --END-- [ RunTime:0.000905s ]

[ 2015-08-31T11:13:55+08:00 ] 127.0.0.1 /shop/index.php/Home/Index/images/ecmoban_link.jpg
INFO: [ app_init ] --START--
INFO: Run Behavior\BuildLiteBehavior [ RunTime:0.000038s ]
INFO: [ app_init ] --END-- [ RunTime:0.000858s ]

[ 2015-08-31T11:13:55+08:00 ] 127.0.0.1 /shop/index.php/Home/Index/images/yongda_logo.gif
INFO: [ app_init ] --START--
INFO: Run Behavior\BuildLiteBehavior [ RunTime:0.000042s ]
INFO: [ app_init ] --END-- [ RunTime:0.001437s ]

[ 2015-08-31T11:13:55+08:00 ] 127.0.0.1 /shop/index.php/Home/Index/images/top_1.gif
INFO: [ app_init ] --START--
INFO: Run Behavior\BuildLiteBehavior [ RunTime:0.000052s ]
INFO: [ app_init ] --END-- [ RunTime:0.001084s ]

[ 2015-08-31T11:13:55+08:00 ] 127.0.0.1 /shop/index.php/Home/Index/images/sousuo.gif
INFO: [ app_init ] --START--
INFO: Run Behavior\BuildLiteBehavior [ RunTime:0.000107s ]
INFO: [ app_init ] --END-- [ RunTime:0.001448s ]

[ 2015-08-31T11:17:33+08:00 ] 127.0.0.1 /shop/index.php/Home/Index/index
INFO: [ app_init ] --START--
INFO: Run Behavior\BuildLiteBehavior [ RunTime:0.000043s ]
INFO: [ app_init ] --END-- [ RunTime:0.001006s ]
INFO: [ app_begin ] --START--
INFO: Run Behavior\ReadHtmlCacheBehavior [ RunTime:0.001658s ]
INFO: [ app_begin ] --END-- [ RunTime:0.001871s ]
INFO: [ view_parse ] --START--
INFO: [ template_filter ] --START--
INFO: Run Behavior\ContentReplaceBehavior [ RunTime:0.000395s ]
INFO: [ template_filter ] --END-- [ RunTime:0.000614s ]
INFO: Run Behavior\ParseTemplateBehavior [ RunTime:0.056455s ]
INFO: [ view_parse ] --END-- [ RunTime:0.056671s ]
INFO: [ view_filter ] --START--
INFO: Run Behavior\WriteHtmlCacheBehavior [ RunTime:0.001828s ]
INFO: [ view_filter ] --END-- [ RunTime:0.002172s ]
INFO: [ app_end ] --START--
INFO: Run Behavior\ShowPageTraceBehavior [ RunTime:0.001796s ]
INFO: [ app_end ] --END-- [ RunTime:0.002011s ]

[ 2015-08-31T11:17:33+08:00 ] 127.0.0.1 /shop/index.php/Home/Index/Home/Public/css/style.css
INFO: [ app_init ] --START--
INFO: Run Behavior\BuildLiteBehavior [ RunTime:0.000049s ]
INFO: [ app_init ] --END-- [ RunTime:0.001195s ]
INFO: [ app_begin ] --START--
INFO: Run Behavior\ReadHtmlCacheBehavior [ RunTime:0.001516s ]
INFO: [ app_begin ] --END-- [ RunTime:0.001712s ]
ERR: 非法操作:Home

[ 2015-08-31T11:17:33+08:00 ] 127.0.0.1 /shop/index.php/Home/Index/images/top_1.gif
INFO: [ app_init ] --START--
INFO: Run Behavior\BuildLiteBehavior [ RunTime:0.000038s ]
INFO: [ app_init ] --END-- [ RunTime:0.001499s ]

[ 2015-08-31T11:17:33+08:00 ] 127.0.0.1 /shop/index.php/Home/Index/images/biao3.gif
INFO: [ app_init ] --START--
INFO: Run Behavior\BuildLiteBehavior [ RunTime:0.000038s ]
INFO: [ app_init ] --END-- [ RunTime:0.001031s ]

[ 2015-08-31T11:17:33+08:00 ] 127.0.0.1 /shop/index.php/Home/Index/images/3_thumb_G_1241422082679.jpg
INFO: [ app_init ] --START--
INFO: Run Behavior\BuildLiteBehavior [ RunTime:0.000043s ]
INFO: [ app_init ] --END-- [ RunTime:0.001099s ]

[ 2015-08-31T11:17:33+08:00 ] 127.0.0.1 /shop/index.php/Home/Index/images/logo.gif
INFO: [ app_init ] --START--
INFO: Run Behavior\BuildLiteBehavior [ RunTime:0.000038s ]
INFO: [ app_init ] --END-- [ RunTime:0.000949s ]

[ 2015-08-31T11:17:33+08:00 ] 127.0.0.1 /shop/index.php/Home/Index/images/top_2.gif
INFO: [ app_init ] --START--
INFO: Run Behavior\BuildLiteBehavior [ RunTime:0.000044s ]
INFO: [ app_init ] --END-- [ RunTime:0.000875s ]

[ 2015-08-31T11:17:33+08:00 ] 127.0.0.1 /shop/index.php/Home/Index/images/top_3.gif
INFO: [ app_init ] --START--
INFO: Run Behavior\BuildLiteBehavior [ RunTime:0.000038s ]
INFO: [ app_init ] --END-- [ RunTime:0.000895s ]

[ 2015-08-31T11:17:33+08:00 ] 127.0.0.1 /shop/index.php/Home/Index/images/12_thumb_G_1241965978410.jpg
INFO: [ app_init ] --START--
INFO: Run Behavior\BuildLiteBehavior [ RunTime:0.000038s ]
INFO: [ app_init ] --END-- [ RunTime:0.000890s ]

[ 2015-08-31T11:17:33+08:00 ] 127.0.0.1 /shop/index.php/Home/Index/images/top_4.gif
INFO: [ app_init ] --START--
INFO: Run Behavior\BuildLiteBehavior [ RunTime:0.000041s ]
INFO: [ app_init ] --END-- [ RunTime:0.000891s ]

[ 2015-08-31T11:17:33+08:00 ] 127.0.0.1 /shop/index.php/Home/Index/images/24_thumb_G_1241971981429.jpg
INFO: [ app_init ] --START--
INFO: Run Behavior\BuildLiteBehavior [ RunTime:0.000036s ]
INFO: [ app_init ] --END-- [ RunTime:0.000875s ]

[ 2015-08-31T11:17:33+08:00 ] 127.0.0.1 /shop/index.php/Home/Index/images/top_5.gif
INFO: [ app_init ] --START--
INFO: Run Behavior\BuildLiteBehavior [ RunTime:0.000096s ]
INFO: [ app_init ] --END-- [ RunTime:0.000900s ]

[ 2015-08-31T11:17:33+08:00 ] 127.0.0.1 /shop/index.php/Home/Index/images/top_6.gif
INFO: [ app_init ] --START--
INFO: Run Behavior\BuildLiteBehavior [ RunTime:0.000037s ]
INFO: [ app_init ] --END-- [ RunTime:0.000856s ]

[ 2015-08-31T11:17:33+08:00 ] 127.0.0.1 /shop/index.php/Home/Index/images/biao7.gif
INFO: [ app_init ] --START--
INFO: Run Behavior\BuildLiteBehavior [ RunTime:0.000078s ]
INFO: [ app_init ] --END-- [ RunTime:0.052489s ]

[ 2015-08-31T11:17:33+08:00 ] 127.0.0.1 /shop/index.php/Home/Index/images/biao6.gif
INFO: [ app_init ] --START--
INFO: Run Behavior\BuildLiteBehavior [ RunTime:0.000061s ]
INFO: [ app_init ] --END-- [ RunTime:0.001007s ]

[ 2015-08-31T11:17:33+08:00 ] 127.0.0.1 /shop/index.php/Home/Index/images/top_7.gif
INFO: [ app_init ] --START--
INFO: Run Behavior\BuildLiteBehavior [ RunTime:0.000040s ]
INFO: [ app_init ] --END-- [ RunTime:0.000898s ]

[ 2015-08-31T11:17:33+08:00 ] 127.0.0.1 /shop/index.php/Home/Index/images/1240802922410634065.gif
INFO: [ app_init ] --START--
INFO: Run Behavior\BuildLiteBehavior [ RunTime:0.000038s ]
INFO: [ app_init ] --END-- [ RunTime:0.000925s ]

[ 2015-08-31T11:17:33+08:00 ] 127.0.0.1 /shop/index.php/Home/Index/images/9_thumb_G_1241511871555.jpg
INFO: [ app_init ] --START--
INFO: Run Behavior\BuildLiteBehavior [ RunTime:0.000034s ]
INFO: [ app_init ] --END-- [ RunTime:0.000840s ]

[ 2015-08-31T11:17:33+08:00 ] 127.0.0.1 /shop/index.php/Home/Index/images/1_thumb_G_1240902890710.jpg
INFO: [ app_init ] --START--
INFO: Run Behavior\BuildLiteBehavior [ RunTime:0.000040s ]
INFO: [ app_init ] --END-- [ RunTime:0.001753s ]

[ 2015-08-31T11:17:33+08:00 ] 127.0.0.1 /shop/index.php/Home/Index/images/8_thumb_G_1241425513488.jpg
INFO: [ app_init ] --START--
INFO: Run Behavior\BuildLiteBehavior [ RunTime:0.000042s ]
INFO: [ app_init ] --END-- [ RunTime:0.001157s ]

[ 2015-08-31T11:17:33+08:00 ] 127.0.0.1 /shop/index.php/Home/Index/images/1240803062307572427.gif
INFO: [ app_init ] --START--
INFO: Run Behavior\BuildLiteBehavior [ RunTime:0.000037s ]
INFO: [ app_init ] --END-- [ RunTime:0.001170s ]

[ 2015-08-31T11:17:33+08:00 ] 127.0.0.1 /shop/index.php/Home/Index/images/111.jpg
INFO: [ app_init ] --START--
INFO: Run Behavior\BuildLiteBehavior [ RunTime:0.000037s ]
INFO: [ app_init ] --END-- [ RunTime:0.000875s ]

[ 2015-08-31T11:17:33+08:00 ] 127.0.0.1 /shop/index.php/Home/Index/images/1240803144788047486.gif
INFO: [ app_init ] --START--
INFO: Run Behavior\BuildLiteBehavior [ RunTime:0.000042s ]
INFO: [ app_init ] --END-- [ RunTime:0.003092s ]

[ 2015-08-31T11:17:33+08:00 ] 127.0.0.1 /shop/index.php/Home/Index/images/di.jpg
INFO: [ app_init ] --START--
INFO: Run Behavior\BuildLiteBehavior [ RunTime:0.000041s ]
INFO: [ app_init ] --END-- [ RunTime:0.001062s ]

[ 2015-08-31T11:17:33+08:00 ] 127.0.0.1 /shop/index.php/Home/Index/images/ecmoban_link.jpg
INFO: [ app_init ] --START--
INFO: Run Behavior\BuildLiteBehavior [ RunTime:0.000038s ]
INFO: [ app_init ] --END-- [ RunTime:0.000914s ]

[ 2015-08-31T11:17:33+08:00 ] 127.0.0.1 /shop/index.php/Home/Index/images/yongda_logo.gif
INFO: [ app_init ] --START--
INFO: Run Behavior\BuildLiteBehavior [ RunTime:0.000108s ]
INFO: [ app_init ] --END-- [ RunTime:0.001238s ]

[ 2015-08-31T11:17:33+08:00 ] 127.0.0.1 /shop/index.php/Home/Index/images/sousuo.gif
INFO: [ app_init ] --START--
INFO: Run Behavior\BuildLiteBehavior [ RunTime:0.000027s ]
INFO: [ app_init ] --END-- [ RunTime:0.000874s ]

[ 2015-08-31T11:17:46+08:00 ] 127.0.0.1 /shop/index.php?m=Home&c=Index&a=index
INFO: [ app_init ] --START--
INFO: Run Behavior\BuildLiteBehavior [ RunTime:0.000037s ]
INFO: [ app_init ] --END-- [ RunTime:0.000936s ]
INFO: [ app_begin ] --START--
INFO: Run Behavior\ReadHtmlCacheBehavior [ RunTime:0.001189s ]
INFO: [ app_begin ] --END-- [ RunTime:0.001352s ]
INFO: [ view_parse ] --START--
INFO: [ template_filter ] --START--
INFO: Run Behavior\ContentReplaceBehavior [ RunTime:0.000234s ]
INFO: [ template_filter ] --END-- [ RunTime:0.000361s ]
INFO: Run Behavior\ParseTemplateBehavior [ RunTime:0.024286s ]
INFO: [ view_parse ] --END-- [ RunTime:0.024449s ]
INFO: [ view_filter ] --START--
INFO: Run Behavior\WriteHtmlCacheBehavior [ RunTime:0.000483s ]
INFO: [ view_filter ] --END-- [ RunTime:0.000575s ]
INFO: [ app_end ] --START--
INFO: Run Behavior\ShowPageTraceBehavior [ RunTime:0.001134s ]
INFO: [ app_end ] --END-- [ RunTime:0.001249s ]

[ 2015-08-31T11:18:14+08:00 ] 127.0.0.1 /shop/index.php/Home/Index/index
INFO: [ app_init ] --START--
INFO: Run Behavior\BuildLiteBehavior [ RunTime:0.000046s ]
INFO: [ app_init ] --END-- [ RunTime:0.000977s ]
INFO: [ app_begin ] --START--
INFO: Run Behavior\ReadHtmlCacheBehavior [ RunTime:0.002008s ]
INFO: [ app_begin ] --END-- [ RunTime:0.002264s ]
INFO: [ view_parse ] --START--
INFO: [ template_filter ] --START--
INFO: Run Behavior\ContentReplaceBehavior [ RunTime:0.000343s ]
INFO: [ template_filter ] --END-- [ RunTime:0.000530s ]
INFO: Run Behavior\ParseTemplateBehavior [ RunTime:0.039168s ]
INFO: [ view_parse ] --END-- [ RunTime:0.039378s ]
INFO: [ view_filter ] --START--
INFO: Run Behavior\WriteHtmlCacheBehavior [ RunTime:0.000955s ]
INFO: [ view_filter ] --END-- [ RunTime:0.001124s ]
INFO: [ app_end ] --START--
INFO: Run Behavior\ShowPageTraceBehavior [ RunTime:0.003598s ]
INFO: [ app_end ] --END-- [ RunTime:0.003811s ]

[ 2015-08-31T11:18:14+08:00 ] 127.0.0.1 /shop/index.php/Home/Index/Home/Public/css/style.css
INFO: [ app_init ] --START--
INFO: Run Behavior\BuildLiteBehavior [ RunTime:0.000040s ]
INFO: [ app_init ] --END-- [ RunTime:0.001021s ]
INFO: [ app_begin ] --START--
INFO: Run Behavior\ReadHtmlCacheBehavior [ RunTime:0.001504s ]
INFO: [ app_begin ] --END-- [ RunTime:0.001705s ]
ERR: 非法操作:Home

[ 2015-08-31T11:18:14+08:00 ] 127.0.0.1 /shop/index.php/Home/Index/images/biao3.gif
INFO: [ app_init ] --START--
INFO: Run Behavior\BuildLiteBehavior [ RunTime:0.000040s ]
INFO: [ app_init ] --END-- [ RunTime:0.000912s ]

[ 2015-08-31T11:18:14+08:00 ] 127.0.0.1 /shop/index.php/Home/Index/images/logo.gif
INFO: [ app_init ] --START--
INFO: Run Behavior\BuildLiteBehavior [ RunTime:0.000040s ]
INFO: [ app_init ] --END-- [ RunTime:0.000918s ]

[ 2015-08-31T11:18:14+08:00 ] 127.0.0.1 /shop/index.php/Home/Index/images/biao6.gif
INFO: [ app_init ] --START--
INFO: Run Behavior\BuildLiteBehavior [ RunTime:0.000038s ]
INFO: [ app_init ] --END-- [ RunTime:0.000854s ]

[ 2015-08-31T11:18:14+08:00 ] 127.0.0.1 /shop/index.php/Home/Index/images/top_2.gif
INFO: [ app_init ] --START--
INFO: Run Behavior\BuildLiteBehavior [ RunTime:0.000174s ]
INFO: [ app_init ] --END-- [ RunTime:0.006844s ]

[ 2015-08-31T11:18:14+08:00 ] 127.0.0.1 /shop/index.php/Home/Index/images/top_1.gif
INFO: [ app_init ] --START--
INFO: Run Behavior\BuildLiteBehavior [ RunTime:0.000044s ]
INFO: [ app_init ] --END-- [ RunTime:0.004120s ]

[ 2015-08-31T11:18:14+08:00 ] 127.0.0.1 /shop/index.php/Home/Index/images/top_3.gif
INFO: [ app_init ] --START--
INFO: Run Behavior\BuildLiteBehavior [ RunTime:0.000039s ]
INFO: [ app_init ] --END-- [ RunTime:0.000991s ]

[ 2015-08-31T11:18:14+08:00 ] 127.0.0.1 /shop/index.php/Home/Index/images/24_thumb_G_1241971981429.jpg
INFO: [ app_init ] --START--
INFO: Run Behavior\BuildLiteBehavior [ RunTime:0.000039s ]
INFO: [ app_init ] --END-- [ RunTime:0.001077s ]

[ 2015-08-31T11:18:15+08:00 ] 127.0.0.1 /shop/index.php/Home/Index/images/12_thumb_G_1241965978410.jpg
INFO: [ app_init ] --START--
INFO: Run Behavior\BuildLiteBehavior [ RunTime:0.000076s ]
INFO: [ app_init ] --END-- [ RunTime:0.001011s ]

[ 2015-08-31T11:18:15+08:00 ] 127.0.0.1 /shop/index.php/Home/Index/images/top_4.gif
INFO: [ app_init ] --START--
INFO: Run Behavior\BuildLiteBehavior [ RunTime:0.000044s ]
INFO: [ app_init ] --END-- [ RunTime:0.009027s ]

[ 2015-08-31T11:18:15+08:00 ] 127.0.0.1 /shop/index.php/Home/Index/images/top_5.gif
INFO: [ app_init ] --START--
INFO: Run Behavior\BuildLiteBehavior [ RunTime:0.000037s ]
INFO: [ app_init ] --END-- [ RunTime:0.000982s ]

[ 2015-08-31T11:18:15+08:00 ] 127.0.0.1 /shop/index.php/Home/Index/images/3_thumb_G_1241422082679.jpg
INFO: [ app_init ] --START--
INFO: Run Behavior\BuildLiteBehavior [ RunTime:0.000073s ]
INFO: [ app_init ] --END-- [ RunTime:0.003521s ]

[ 2015-08-31T11:18:15+08:00 ] 127.0.0.1 /shop/index.php/Home/Index/images/biao7.gif
INFO: [ app_init ] --START--
INFO: Run Behavior\BuildLiteBehavior [ RunTime:0.000039s ]
INFO: [ app_init ] --END-- [ RunTime:0.001521s ]

[ 2015-08-31T11:18:15+08:00 ] 127.0.0.1 /shop/index.php/Home/Index/images/top_7.gif
INFO: [ app_init ] --START--
INFO: Run Behavior\BuildLiteBehavior [ RunTime:0.000041s ]
INFO: [ app_init ] --END-- [ RunTime:0.002065s ]

[ 2015-08-31T11:18:15+08:00 ] 127.0.0.1 /shop/index.php/Home/Index/images/top_6.gif
INFO: [ app_init ] --START--
INFO: Run Behavior\BuildLiteBehavior [ RunTime:0.000129s ]
INFO: [ app_init ] --END-- [ RunTime:0.001240s ]

[ 2015-08-31T11:18:15+08:00 ] 127.0.0.1 /shop/index.php/Home/Index/images/1240802922410634065.gif
INFO: [ app_init ] --START--
INFO: Run Behavior\BuildLiteBehavior [ RunTime:0.000041s ]
INFO: [ app_init ] --END-- [ RunTime:0.001026s ]

[ 2015-08-31T11:18:15+08:00 ] 127.0.0.1 /shop/index.php/Home/Index/images/9_thumb_G_1241511871555.jpg
INFO: [ app_init ] --START--
INFO: Run Behavior\BuildLiteBehavior [ RunTime:0.000037s ]
INFO: [ app_init ] --END-- [ RunTime:0.000955s ]

[ 2015-08-31T11:18:15+08:00 ] 127.0.0.1 /shop/index.php/Home/Index/images/111.jpg
INFO: [ app_init ] --START--
INFO: Run Behavior\BuildLiteBehavior [ RunTime:0.000039s ]
INFO: [ app_init ] --END-- [ RunTime:0.001000s ]

[ 2015-08-31T11:18:15+08:00 ] 127.0.0.1 /shop/index.php/Home/Index/images/1_thumb_G_1240902890710.jpg
INFO: [ app_init ] --START--
INFO: Run Behavior\BuildLiteBehavior [ RunTime:0.000039s ]
INFO: [ app_init ] --END-- [ RunTime:0.001127s ]

[ 2015-08-31T11:18:15+08:00 ] 127.0.0.1 /shop/index.php/Home/Index/images/1240803144788047486.gif
INFO: [ app_init ] --START--
INFO: Run Behavior\BuildLiteBehavior [ RunTime:0.000073s ]
INFO: [ app_init ] --END-- [ RunTime:0.002079s ]

[ 2015-08-31T11:18:15+08:00 ] 127.0.0.1 /shop/index.php/Home/Index/images/di.jpg
INFO: [ app_init ] --START--
INFO: Run Behavior\BuildLiteBehavior [ RunTime:0.000038s ]
INFO: [ app_init ] --END-- [ RunTime:0.001076s ]

[ 2015-08-31T11:18:15+08:00 ] 127.0.0.1 /shop/index.php/Home/Index/images/8_thumb_G_1241425513488.jpg
INFO: [ app_init ] --START--
INFO: Run Behavior\BuildLiteBehavior [ RunTime:0.000046s ]
INFO: [ app_init ] --END-- [ RunTime:0.001385s ]

[ 2015-08-31T11:18:15+08:00 ] 127.0.0.1 /shop/index.php/Home/Index/images/1240803062307572427.gif
INFO: [ app_init ] --START--
INFO: Run Behavior\BuildLiteBehavior [ RunTime:0.000041s ]
INFO: [ app_init ] --END-- [ RunTime:0.041832s ]

[ 2015-08-31T11:18:15+08:00 ] 127.0.0.1 /shop/index.php/Home/Index/images/yongda_logo.gif
INFO: [ app_init ] --START--
INFO: Run Behavior\BuildLiteBehavior [ RunTime:0.000040s ]
INFO: [ app_init ] --END-- [ RunTime:0.001079s ]

[ 2015-08-31T11:18:15+08:00 ] 127.0.0.1 /shop/index.php/Home/Index/images/ecmoban_link.jpg
INFO: [ app_init ] --START--
INFO: Run Behavior\BuildLiteBehavior [ RunTime:0.000040s ]
INFO: [ app_init ] --END-- [ RunTime:0.001281s ]

[ 2015-08-31T11:18:16+08:00 ] 127.0.0.1 /shop/index.php/Home/Index/images/top_2.gif
INFO: [ app_init ] --START--
INFO: Run Behavior\BuildLiteBehavior [ RunTime:0.000039s ]
INFO: [ app_init ] --END-- [ RunTime:0.000924s ]

[ 2015-08-31T11:18:16+08:00 ] 127.0.0.1 /shop/index.php/Home/Index/images/logo.gif
INFO: [ app_init ] --START--
INFO: Run Behavior\BuildLiteBehavior [ RunTime:0.000039s ]
INFO: [ app_init ] --END-- [ RunTime:0.000981s ]

[ 2015-08-31T11:18:16+08:00 ] 127.0.0.1 /shop/index.php/Home/Index/images/biao6.gif
INFO: [ app_init ] --START--
INFO: Run Behavior\BuildLiteBehavior [ RunTime:0.000039s ]
INFO: [ app_init ] --END-- [ RunTime:0.000872s ]

[ 2015-08-31T11:18:16+08:00 ] 127.0.0.1 /shop/index.php/Home/Index/images/biao3.gif
INFO: [ app_init ] --START--
INFO: Run Behavior\BuildLiteBehavior [ RunTime:0.000041s ]
INFO: [ app_init ] --END-- [ RunTime:0.001052s ]

[ 2015-08-31T11:18:16+08:00 ] 127.0.0.1 /shop/index.php/Home/Index/images/sousuo.gif
INFO: [ app_init ] --START--
INFO: Run Behavior\BuildLiteBehavior [ RunTime:0.000059s ]
INFO: [ app_init ] --END-- [ RunTime:0.001267s ]

[ 2015-08-31T11:18:16+08:00 ] 127.0.0.1 /shop/index.php/Home/Index/images/3_thumb_G_1241422082679.jpg
INFO: [ app_init ] --START--
INFO: Run Behavior\BuildLiteBehavior [ RunTime:0.000038s ]
INFO: [ app_init ] --END-- [ RunTime:0.000841s ]

[ 2015-08-31T11:18:16+08:00 ] 127.0.0.1 /shop/index.php/Home/Index/images/biao7.gif
INFO: [ app_init ] --START--
INFO: Run Behavior\BuildLiteBehavior [ RunTime:0.000040s ]
INFO: [ app_init ] --END-- [ RunTime:0.000976s ]

[ 2015-08-31T11:18:18+08:00 ] 127.0.0.1 /shop/index.php/Home/Index/images/biao3.gif
INFO: [ app_init ] --START--
INFO: Run Behavior\BuildLiteBehavior [ RunTime:0.000036s ]
INFO: [ app_init ] --END-- [ RunTime:0.000994s ]

[ 2015-08-31T11:18:18+08:00 ] 127.0.0.1 /shop/index.php/Home/Index/images/biao7.gif
INFO: [ app_init ] --START--
INFO: Run Behavior\BuildLiteBehavior [ RunTime:0.000038s ]
INFO: [ app_init ] --END-- [ RunTime:0.000949s ]

[ 2015-08-31T11:18:18+08:00 ] 127.0.0.1 /shop/index.php/Home/Index/images/logo.gif
INFO: [ app_init ] --START--
INFO: Run Behavior\BuildLiteBehavior [ RunTime:0.000060s ]
INFO: [ app_init ] --END-- [ RunTime:0.001426s ]

[ 2015-08-31T11:18:20+08:00 ] 127.0.0.1 /shop/index.php/Home/Index/images/biao6.gif
INFO: [ app_init ] --START--
INFO: Run Behavior\BuildLiteBehavior [ RunTime:0.000044s ]
INFO: [ app_init ] --END-- [ RunTime:0.001173s ]

[ 2015-08-31T11:18:20+08:00 ] 127.0.0.1 /shop/index.php/Home/Index/images/biao3.gif
INFO: [ app_init ] --START--
INFO: Run Behavior\BuildLiteBehavior [ RunTime:0.000053s ]
INFO: [ app_init ] --END-- [ RunTime:0.001438s ]

[ 2015-08-31T11:18:21+08:00 ] 127.0.0.1 /shop/index.php/Home/Index/images/biao6.gif
INFO: [ app_init ] --START--
INFO: Run Behavior\BuildLiteBehavior [ RunTime:0.000038s ]
INFO: [ app_init ] --END-- [ RunTime:0.000930s ]

[ 2015-08-31T11:18:21+08:00 ] 127.0.0.1 /shop/index.php/Home/Index/images/logo.gif
INFO: [ app_init ] --START--
INFO: Run Behavior\BuildLiteBehavior [ RunTime:0.000119s ]
INFO: [ app_init ] --END-- [ RunTime:0.001478s ]

[ 2015-08-31T11:18:45+08:00 ] 127.0.0.1 /shop/index.php?m=Home&c=Index&a=index
INFO: [ app_init ] --START--
INFO: Run Behavior\BuildLiteBehavior [ RunTime:0.000039s ]
INFO: [ app_init ] --END-- [ RunTime:0.000753s ]
INFO: [ app_begin ] --START--
INFO: Run Behavior\ReadHtmlCacheBehavior [ RunTime:0.001585s ]
INFO: [ app_begin ] --END-- [ RunTime:0.001813s ]
INFO: [ view_parse ] --START--
INFO: [ template_filter ] --START--
INFO: Run Behavior\ContentReplaceBehavior [ RunTime:0.000505s ]
INFO: [ template_filter ] --END-- [ RunTime:0.000703s ]
INFO: Run Behavior\ParseTemplateBehavior [ RunTime:0.051333s ]
INFO: [ view_parse ] --END-- [ RunTime:0.051508s ]
INFO: [ view_filter ] --START--
INFO: Run Behavior\WriteHtmlCacheBehavior [ RunTime:0.000970s ]
INFO: [ view_filter ] --END-- [ RunTime:0.001128s ]
INFO: [ app_end ] --START--
INFO: Run Behavior\ShowPageTraceBehavior [ RunTime:0.003319s ]
INFO: [ app_end ] --END-- [ RunTime:0.003525s ]

[ 2015-08-31T11:19:08+08:00 ] 127.0.0.1 /shop/index.php/Home/Index/images/logo.gif
INFO: [ app_init ] --START--
INFO: Run Behavior\BuildLiteBehavior [ RunTime:0.000038s ]
INFO: [ app_init ] --END-- [ RunTime:0.000854s ]

[ 2015-08-31T11:19:08+08:00 ] 127.0.0.1 /shop/index.php/Home/Index/images/biao6.gif
INFO: [ app_init ] --START--
INFO: Run Behavior\BuildLiteBehavior [ RunTime:0.000039s ]
INFO: [ app_init ] --END-- [ RunTime:0.000981s ]

[ 2015-08-31T11:19:08+08:00 ] 127.0.0.1 /shop/index.php/Home/Index/images/biao3.gif
INFO: [ app_init ] --START--
INFO: Run Behavior\BuildLiteBehavior [ RunTime:0.000055s ]
INFO: [ app_init ] --END-- [ RunTime:0.001116s ]

[ 2015-08-31T11:19:08+08:00 ] 127.0.0.1 /shop/index.php/Home/Index/images/biao6.gif
INFO: [ app_init ] --START--
INFO: Run Behavior\BuildLiteBehavior [ RunTime:0.000028s ]
INFO: [ app_init ] --END-- [ RunTime:0.000991s ]

[ 2015-08-31T11:19:08+08:00 ] 127.0.0.1 /shop/index.php/Home/Index/images/logo.gif
INFO: [ app_init ] --START--
INFO: Run Behavior\BuildLiteBehavior [ RunTime:0.000037s ]
INFO: [ app_init ] --END-- [ RunTime:0.001018s ]

[ 2015-08-31T11:19:14+08:00 ] 127.0.0.1 /shop/index.php/Home/Index/images/logo.gif
INFO: [ app_init ] --START--
INFO: Run Behavior\BuildLiteBehavior [ RunTime:0.000042s ]
INFO: [ app_init ] --END-- [ RunTime:0.001796s ]

[ 2015-08-31T11:19:37+08:00 ] 127.0.0.1 /shop/index.php/Home/Index/images/logo.gif
INFO: [ app_init ] --START--
INFO: Run Behavior\BuildLiteBehavior [ RunTime:0.000042s ]
INFO: [ app_init ] --END-- [ RunTime:0.001328s ]

[ 2015-08-31T11:19:37+08:00 ] 127.0.0.1 /shop/index.php/Home/Index/images/24_thumb_G_1241971981429.jpg
INFO: [ app_init ] --START--
INFO: Run Behavior\BuildLiteBehavior [ RunTime:0.000036s ]
INFO: [ app_init ] --END-- [ RunTime:0.000869s ]

[ 2015-08-31T11:19:37+08:00 ] 127.0.0.1 /shop/index.php/Home/Index/images/12_thumb_G_1241965978410.jpg
INFO: [ app_init ] --START--
INFO: Run Behavior\BuildLiteBehavior [ RunTime:0.000042s ]
INFO: [ app_init ] --END-- [ RunTime:0.000982s ]

[ 2015-08-31T11:19:37+08:00 ] 127.0.0.1 /shop/index.php/Home/Index/images/1240803062307572427.gif
INFO: [ app_init ] --START--
INFO: Run Behavior\BuildLiteBehavior [ RunTime:0.000039s ]
INFO: [ app_init ] --END-- [ RunTime:0.001094s ]

[ 2015-08-31T11:19:37+08:00 ] 127.0.0.1 /shop/index.php/Home/Index/images/top_5.gif
INFO: [ app_init ] --START--
INFO: Run Behavior\BuildLiteBehavior [ RunTime:0.000038s ]
INFO: [ app_init ] --END-- [ RunTime:0.001010s ]

[ 2015-08-31T11:19:37+08:00 ] 127.0.0.1 /shop/index.php/Home/Index/images/top_4.gif
INFO: [ app_init ] --START--
INFO: Run Behavior\BuildLiteBehavior [ RunTime:0.000036s ]
INFO: [ app_init ] --END-- [ RunTime:0.000953s ]

[ 2015-08-31T11:19:37+08:00 ] 127.0.0.1 /shop/index.php/Home/Index/images/top_3.gif
INFO: [ app_init ] --START--
INFO: Run Behavior\BuildLiteBehavior [ RunTime:0.000036s ]
INFO: [ app_init ] --END-- [ RunTime:0.000918s ]

[ 2015-08-31T11:19:37+08:00 ] 127.0.0.1 /shop/index.php/Home/Index/images/111.jpg
INFO: [ app_init ] --START--
INFO: Run Behavior\BuildLiteBehavior [ RunTime:0.000042s ]
INFO: [ app_init ] --END-- [ RunTime:0.002853s ]

[ 2015-08-31T11:19:37+08:00 ] 127.0.0.1 /shop/index.php/Home/Index/images/1240803144788047486.gif
INFO: [ app_init ] --START--
INFO: Run Behavior\BuildLiteBehavior [ RunTime:0.000041s ]
INFO: [ app_init ] --END-- [ RunTime:0.001579s ]

[ 2015-08-31T11:19:42+08:00 ] 127.0.0.1 /shop/index.php/Home/Index/images/biao3.gif
INFO: [ app_init ] --START--
INFO: Run Behavior\BuildLiteBehavior [ RunTime:0.000028s ]
INFO: [ app_init ] --END-- [ RunTime:0.000956s ]

[ 2015-08-31T11:19:43+08:00 ] 127.0.0.1 /shop/index.php/Home/Index/images/biao6.gif
INFO: [ app_init ] --START--
INFO: Run Behavior\BuildLiteBehavior [ RunTime:0.000044s ]
INFO: [ app_init ] --END-- [ RunTime:0.001613s ]

[ 2015-08-31T11:19:43+08:00 ] 127.0.0.1 /shop/index.php/Home/Index/images/logo.gif
INFO: [ app_init ] --START--
INFO: Run Behavior\BuildLiteBehavior [ RunTime:0.000042s ]
INFO: [ app_init ] --END-- [ RunTime:0.001102s ]

[ 2015-08-31T11:19:53+08:00 ] 127.0.0.1 /shop/index.php/Home/Index/images/logo.gif
INFO: [ app_init ] --START--
INFO: Run Behavior\BuildLiteBehavior [ RunTime:0.000037s ]
INFO: [ app_init ] --END-- [ RunTime:0.000912s ]

[ 2015-08-31T11:22:37+08:00 ] 127.0.0.1 /shop/index.php/Home/Index/images/top_3.gif
INFO: [ app_init ] --START--
INFO: Run Behavior\BuildLiteBehavior [ RunTime:0.000037s ]
INFO: [ app_init ] --END-- [ RunTime:0.000941s ]

[ 2015-08-31T11:22:37+08:00 ] 127.0.0.1 /shop/index.php/Home/Index/images/top_2.gif
INFO: [ app_init ] --START--
INFO: Run Behavior\BuildLiteBehavior [ RunTime:0.000039s ]
INFO: [ app_init ] --END-- [ RunTime:0.001281s ]

[ 2015-08-31T11:22:37+08:00 ] 127.0.0.1 /shop/index.php/Home/Index/images/24_thumb_G_1241971981429.jpg
INFO: [ app_init ] --START--
INFO: Run Behavior\BuildLiteBehavior [ RunTime:0.000043s ]
INFO: [ app_init ] --END-- [ RunTime:0.001378s ]

[ 2015-08-31T11:22:37+08:00 ] 127.0.0.1 /shop/index.php/Home/Index/images/top_1.gif
INFO: [ app_init ] --START--
INFO: Run Behavior\BuildLiteBehavior [ RunTime:0.000041s ]
INFO: [ app_init ] --END-- [ RunTime:0.000992s ]

[ 2015-08-31T11:22:37+08:00 ] 127.0.0.1 /shop/index.php/Home/Index/images/3_thumb_G_1241422082679.jpg
INFO: [ app_init ] --START--
INFO: Run Behavior\BuildLiteBehavior [ RunTime:0.000047s ]
INFO: [ app_init ] --END-- [ RunTime:0.012540s ]

[ 2015-08-31T11:22:37+08:00 ] 127.0.0.1 /shop/index.php/Home/Index/images/logo.gif
INFO: [ app_init ] --START--
INFO: Run Behavior\BuildLiteBehavior [ RunTime:0.000041s ]
INFO: [ app_init ] --END-- [ RunTime:0.000917s ]

[ 2015-08-31T11:22:37+08:00 ] 127.0.0.1 /shop/index.php/Home/Index/images/biao3.gif
INFO: [ app_init ] --START--
INFO: Run Behavior\BuildLiteBehavior [ RunTime:0.000045s ]
INFO: [ app_init ] --END-- [ RunTime:0.001218s ]

[ 2015-08-31T11:23:06+08:00 ] 127.0.0.1 /shop/index.php/Home/Index/index
INFO: [ app_init ] --START--
INFO: Run Behavior\BuildLiteBehavior [ RunTime:0.000048s ]
INFO: [ app_init ] --END-- [ RunTime:0.001000s ]
INFO: [ app_begin ] --START--
INFO: Run Behavior\ReadHtmlCacheBehavior [ RunTime:0.002485s ]
INFO: [ app_begin ] --END-- [ RunTime:0.002679s ]
INFO: [ view_parse ] --START--
INFO: [ template_filter ] --START--
INFO: Run Behavior\ContentReplaceBehavior [ RunTime:0.000237s ]
INFO: [ template_filter ] --END-- [ RunTime:0.000364s ]
INFO: Run Behavior\ParseTemplateBehavior [ RunTime:0.030951s ]
INFO: [ view_parse ] --END-- [ RunTime:0.031095s ]
INFO: [ view_filter ] --START--
INFO: Run Behavior\WriteHtmlCacheBehavior [ RunTime:0.000615s ]
INFO: [ view_filter ] --END-- [ RunTime:0.000710s ]
INFO: [ app_end ] --START--
INFO: Run Behavior\ShowPageTraceBehavior [ RunTime:0.001126s ]
INFO: [ app_end ] --END-- [ RunTime:0.001238s ]

[ 2015-08-31T11:23:07+08:00 ] 127.0.0.1 /shop/index.php/Home/Index/images/top_6.gif
INFO: [ app_init ] --START--
INFO: Run Behavior\BuildLiteBehavior [ RunTime:0.000036s ]
INFO: [ app_init ] --END-- [ RunTime:0.000888s ]

[ 2015-08-31T11:23:07+08:00 ] 127.0.0.1 /shop/index.php/Home/Index/images/top_7.gif
INFO: [ app_init ] --START--
INFO: Run Behavior\BuildLiteBehavior [ RunTime:0.000041s ]
INFO: [ app_init ] --END-- [ RunTime:0.001528s ]

[ 2015-08-31T11:23:07+08:00 ] 127.0.0.1 /shop/index.php/Home/Index/images/top_5.gif
INFO: [ app_init ] --START--
INFO: Run Behavior\BuildLiteBehavior [ RunTime:0.000040s ]
INFO: [ app_init ] --END-- [ RunTime:0.000875s ]

[ 2015-08-31T11:23:07+08:00 ] 127.0.0.1 /shop/index.php/Home/Index/images/logo.gif
INFO: [ app_init ] --START--
INFO: Run Behavior\BuildLiteBehavior [ RunTime:0.000042s ]
INFO: [ app_init ] --END-- [ RunTime:0.001345s ]

[ 2015-08-31T11:23:07+08:00 ] 127.0.0.1 /shop/index.php/Home/Index/images/biao6.gif
INFO: [ app_init ] --START--
INFO: Run Behavior\BuildLiteBehavior [ RunTime:0.000047s ]
INFO: [ app_init ] --END-- [ RunTime:0.001661s ]

[ 2015-08-31T11:23:07+08:00 ] 127.0.0.1 /shop/index.php/Home/Index/images/biao3.gif
INFO: [ app_init ] --START--
INFO: Run Behavior\BuildLiteBehavior [ RunTime:0.000042s ]
INFO: [ app_init ] --END-- [ RunTime:0.027074s ]

[ 2015-08-31T11:23:07+08:00 ] 127.0.0.1 /shop/index.php/Home/Index/images/top_1.gif
INFO: [ app_init ] --START--
INFO: Run Behavior\BuildLiteBehavior [ RunTime:0.000041s ]
INFO: [ app_init ] --END-- [ RunTime:0.014182s ]

[ 2015-08-31T11:23:07+08:00 ] 127.0.0.1 /shop/index.php/Home/Index/images/top_2.gif
INFO: [ app_init ] --START--
INFO: Run Behavior\BuildLiteBehavior [ RunTime:0.000040s ]
INFO: [ app_init ] --END-- [ RunTime:0.007476s ]

[ 2015-08-31T11:23:07+08:00 ] 127.0.0.1 /shop/index.php/Home/Index/images/24_thumb_G_1241971981429.jpg
INFO: [ app_init ] --START--
INFO: Run Behavior\BuildLiteBehavior [ RunTime:0.000041s ]
INFO: [ app_init ] --END-- [ RunTime:0.001227s ]

[ 2015-08-31T11:23:07+08:00 ] 127.0.0.1 /shop/index.php/Home/Index/images/12_thumb_G_1241965978410.jpg
INFO: [ app_init ] --START--
INFO: Run Behavior\BuildLiteBehavior [ RunTime:0.000043s ]
INFO: [ app_init ] --END-- [ RunTime:0.004228s ]

[ 2015-08-31T11:23:07+08:00 ] 127.0.0.1 /shop/index.php/Home/Index/images/top_3.gif
INFO: [ app_init ] --START--
INFO: Run Behavior\BuildLiteBehavior [ RunTime:0.000050s ]
INFO: [ app_init ] --END-- [ RunTime:0.012864s ]

[ 2015-08-31T11:23:07+08:00 ] 127.0.0.1 /shop/index.php/Home/Index/images/3_thumb_G_1241422082679.jpg
INFO: [ app_init ] --START--
INFO: Run Behavior\BuildLiteBehavior [ RunTime:0.000040s ]
INFO: [ app_init ] --END-- [ RunTime:0.002806s ]

[ 2015-08-31T11:23:07+08:00 ] 127.0.0.1 /shop/index.php/Home/Index/images/biao7.gif
INFO: [ app_init ] --START--
INFO: Run Behavior\BuildLiteBehavior [ RunTime:0.000042s ]
INFO: [ app_init ] --END-- [ RunTime:0.004486s ]

[ 2015-08-31T11:23:07+08:00 ] 127.0.0.1 /shop/index.php/Home/Index/images/top_4.gif
INFO: [ app_init ] --START--
INFO: Run Behavior\BuildLiteBehavior [ RunTime:0.000064s ]
INFO: [ app_init ] --END-- [ RunTime:0.002987s ]

[ 2015-08-31T11:23:07+08:00 ] 127.0.0.1 /shop/index.php/Home/Index/images/1240803062307572427.gif
INFO: [ app_init ] --START--
INFO: Run Behavior\BuildLiteBehavior [ RunTime:0.000042s ]
INFO: [ app_init ] --END-- [ RunTime:0.004029s ]

[ 2015-08-31T11:23:07+08:00 ] 127.0.0.1 /shop/index.php/Home/Index/images/1240802922410634065.gif
INFO: [ app_init ] --START--
INFO: Run Behavior\BuildLiteBehavior [ RunTime:0.000040s ]
INFO: [ app_init ] --END-- [ RunTime:0.000948s ]

[ 2015-08-31T11:23:07+08:00 ] 127.0.0.1 /shop/index.php/Home/Index/images/8_thumb_G_1241425513488.jpg
INFO: [ app_init ] --START--
INFO: Run Behavior\BuildLiteBehavior [ RunTime:0.000041s ]
INFO: [ app_init ] --END-- [ RunTime:0.000987s ]

[ 2015-08-31T11:23:07+08:00 ] 127.0.0.1 /shop/index.php/Home/Index/images/111.jpg
INFO: [ app_init ] --START--
INFO: Run Behavior\BuildLiteBehavior [ RunTime:0.000064s ]
INFO: [ app_init ] --END-- [ RunTime:0.001319s ]

[ 2015-08-31T11:23:07+08:00 ] 127.0.0.1 /shop/index.php/Home/Index/images/1240803144788047486.gif
INFO: [ app_init ] --START--
INFO: Run Behavior\BuildLiteBehavior [ RunTime:0.000042s ]
INFO: [ app_init ] --END-- [ RunTime:0.011211s ]

[ 2015-08-31T11:23:07+08:00 ] 127.0.0.1 /shop/index.php/Home/Index/images/di.jpg
INFO: [ app_init ] --START--
INFO: Run Behavior\BuildLiteBehavior [ RunTime:0.000040s ]
INFO: [ app_init ] --END-- [ RunTime:0.001620s ]

[ 2015-08-31T11:23:07+08:00 ] 127.0.0.1 /shop/index.php/Home/Index/images/9_thumb_G_1241511871555.jpg
INFO: [ app_init ] --START--
INFO: Run Behavior\BuildLiteBehavior [ RunTime:0.000044s ]
INFO: [ app_init ] --END-- [ RunTime:0.001259s ]

[ 2015-08-31T11:23:07+08:00 ] 127.0.0.1 /shop/index.php/Home/Index/images/1_thumb_G_1240902890710.jpg
INFO: [ app_init ] --START--
INFO: Run Behavior\BuildLiteBehavior [ RunTime:0.000041s ]
INFO: [ app_init ] --END-- [ RunTime:0.001133s ]

[ 2015-08-31T11:23:07+08:00 ] 127.0.0.1 /shop/index.php/Home/Index/images/ecmoban_link.jpg
INFO: [ app_init ] --START--
INFO: Run Behavior\BuildLiteBehavior [ RunTime:0.000043s ]
INFO: [ app_init ] --END-- [ RunTime:0.001217s ]

[ 2015-08-31T11:23:07+08:00 ] 127.0.0.1 /shop/index.php/Home/Index/images/yongda_logo.gif
INFO: [ app_init ] --START--
INFO: Run Behavior\BuildLiteBehavior [ RunTime:0.000054s ]
INFO: [ app_init ] --END-- [ RunTime:0.001449s ]

[ 2015-08-31T11:23:08+08:00 ] 127.0.0.1 /shop/index.php/Home/Index/images/sousuo.gif
INFO: [ app_init ] --START--
INFO: Run Behavior\BuildLiteBehavior [ RunTime:0.000044s ]
INFO: [ app_init ] --END-- [ RunTime:0.002399s ]

[ 2015-08-31T11:23:10+08:00 ] 127.0.0.1 /shop/index.php/Home/Index/images/logo.gif
INFO: [ app_init ] --START--
INFO: Run Behavior\BuildLiteBehavior [ RunTime:0.000041s ]
INFO: [ app_init ] --END-- [ RunTime:0.001273s ]

[ 2015-08-31T11:23:10+08:00 ] 127.0.0.1 /shop/index.php/Home/Index/images/biao6.gif
INFO: [ app_init ] --START--
INFO: Run Behavior\BuildLiteBehavior [ RunTime:0.000041s ]
INFO: [ app_init ] --END-- [ RunTime:0.001341s ]

[ 2015-08-31T11:23:10+08:00 ] 127.0.0.1 /shop/index.php/Home/Index/images/biao3.gif
INFO: [ app_init ] --START--
INFO: Run Behavior\BuildLiteBehavior [ RunTime:0.000037s ]
INFO: [ app_init ] --END-- [ RunTime:0.001192s ]

[ 2015-08-31T11:23:10+08:00 ] 127.0.0.1 /shop/index.php/Home/Index/images/logo.gif
INFO: [ app_init ] --START--
INFO: Run Behavior\BuildLiteBehavior [ RunTime:0.000040s ]
INFO: [ app_init ] --END-- [ RunTime:0.001094s ]

[ 2015-08-31T11:23:15+08:00 ] 127.0.0.1 /shop/index.php?m=Home&c=Index&a=index
INFO: [ app_init ] --START--
INFO: Run Behavior\BuildLiteBehavior [ RunTime:0.000038s ]
INFO: [ app_init ] --END-- [ RunTime:0.001011s ]
INFO: [ app_begin ] --START--
INFO: Run Behavior\ReadHtmlCacheBehavior [ RunTime:0.001009s ]
INFO: [ app_begin ] --END-- [ RunTime:0.001195s ]
INFO: [ view_parse ] --START--
INFO: [ template_filter ] --START--
INFO: Run Behavior\ContentReplaceBehavior [ RunTime:0.000342s ]
INFO: [ template_filter ] --END-- [ RunTime:0.000565s ]
INFO: Run Behavior\ParseTemplateBehavior [ RunTime:0.049409s ]
INFO: [ view_parse ] --END-- [ RunTime:0.049610s ]
INFO: [ view_filter ] --START--
INFO: Run Behavior\WriteHtmlCacheBehavior [ RunTime:0.000482s ]
INFO: [ view_filter ] --END-- [ RunTime:0.000573s ]
INFO: [ app_end ] --START--
INFO: Run Behavior\ShowPageTraceBehavior [ RunTime:0.001009s ]
INFO: [ app_end ] --END-- [ RunTime:0.001120s ]

[ 2015-08-31T11:23:27+08:00 ] 127.0.0.1 /shop/index.php/Home/Index/images/logo.gif
INFO: [ app_init ] --START--
INFO: Run Behavior\BuildLiteBehavior [ RunTime:0.000036s ]
INFO: [ app_init ] --END-- [ RunTime:0.001029s ]

[ 2015-08-31T11:23:27+08:00 ] 127.0.0.1 /shop/index.php/Home/Index/images/biao6.gif
INFO: [ app_init ] --START--
INFO: Run Behavior\BuildLiteBehavior [ RunTime:0.000028s ]
INFO: [ app_init ] --END-- [ RunTime:0.000736s ]

[ 2015-08-31T11:23:27+08:00 ] 127.0.0.1 /shop/index.php/Home/Index/images/biao3.gif
INFO: [ app_init ] --START--
INFO: Run Behavior\BuildLiteBehavior [ RunTime:0.000038s ]
INFO: [ app_init ] --END-- [ RunTime:0.000954s ]

[ 2015-08-31T11:23:27+08:00 ] 127.0.0.1 /shop/index.php/Home/Index/images/biao6.gif
INFO: [ app_init ] --START--
INFO: Run Behavior\BuildLiteBehavior [ RunTime:0.000070s ]
INFO: [ app_init ] --END-- [ RunTime:0.001356s ]

[ 2015-08-31T11:23:27+08:00 ] 127.0.0.1 /shop/index.php/Home/Index/images/logo.gif
INFO: [ app_init ] --START--
INFO: Run Behavior\BuildLiteBehavior [ RunTime:0.000030s ]
INFO: [ app_init ] --END-- [ RunTime:0.000627s ]

[ 2015-08-31T11:23:36+08:00 ] 127.0.0.1 /shop/index.php/Home/Index/images/logo.gif
INFO: [ app_init ] --START--
INFO: Run Behavior\BuildLiteBehavior [ RunTime:0.000072s ]
INFO: [ app_init ] --END-- [ RunTime:0.013582s ]

[ 2015-08-31T11:23:39+08:00 ] 127.0.0.1 /shop/index.php/Home/Index/index
INFO: [ app_init ] --START--
INFO: Run Behavior\BuildLiteBehavior [ RunTime:0.000029s ]
INFO: [ app_init ] --END-- [ RunTime:0.000935s ]
INFO: [ app_begin ] --START--
INFO: Run Behavior\ReadHtmlCacheBehavior [ RunTime:0.001250s ]
INFO: [ app_begin ] --END-- [ RunTime:0.001514s ]
INFO: [ view_parse ] --START--
INFO: [ template_filter ] --START--
INFO: Run Behavior\ContentReplaceBehavior [ RunTime:0.000338s ]
INFO: [ template_filter ] --END-- [ RunTime:0.000524s ]
INFO: Run Behavior\ParseTemplateBehavior [ RunTime:0.037205s ]
INFO: [ view_parse ] --END-- [ RunTime:0.037380s ]
INFO: [ view_filter ] --START--
INFO: Run Behavior\WriteHtmlCacheBehavior [ RunTime:0.000892s ]
INFO: [ view_filter ] --END-- [ RunTime:0.001054s ]
INFO: [ app_end ] --START--
INFO: Run Behavior\ShowPageTraceBehavior [ RunTime:0.001811s ]
INFO: [ app_end ] --END-- [ RunTime:0.002032s ]

[ 2015-08-31T11:23:40+08:00 ] 127.0.0.1 /shop/index.php/Home/Index/images/top_4.gif
INFO: [ app_init ] --START--
INFO: Run Behavior\BuildLiteBehavior [ RunTime:0.000027s ]
INFO: [ app_init ] --END-- [ RunTime:0.000619s ]

[ 2015-08-31T11:23:40+08:00 ] 127.0.0.1 /shop/index.php/Home/Index/images/12_thumb_G_1241965978410.jpg
INFO: [ app_init ] --START--
INFO: Run Behavior\BuildLiteBehavior [ RunTime:0.000042s ]
INFO: [ app_init ] --END-- [ RunTime:0.002300s ]

[ 2015-08-31T11:23:40+08:00 ] 127.0.0.1 /shop/index.php/Home/Index/images/logo.gif
INFO: [ app_init ] --START--
INFO: Run Behavior\BuildLiteBehavior [ RunTime:0.000027s ]
INFO: [ app_init ] --END-- [ RunTime:0.000703s ]

[ 2015-08-31T11:23:40+08:00 ] 127.0.0.1 /shop/index.php/Home/Index/images/top_3.gif
INFO: [ app_init ] --START--
INFO: Run Behavior\BuildLiteBehavior [ RunTime:0.000039s ]
INFO: [ app_init ] --END-- [ RunTime:0.004367s ]

[ 2015-08-31T11:23:40+08:00 ] 127.0.0.1 /shop/index.php/Home/Index/images/24_thumb_G_1241971981429.jpg
INFO: [ app_init ] --START--
INFO: Run Behavior\BuildLiteBehavior [ RunTime:0.000076s ]
INFO: [ app_init ] --END-- [ RunTime:0.001021s ]

[ 2015-08-31T11:23:40+08:00 ] 127.0.0.1 /shop/index.php/Home/Index/images/biao7.gif
INFO: [ app_init ] --START--
INFO: Run Behavior\BuildLiteBehavior [ RunTime:0.000042s ]
INFO: [ app_init ] --END-- [ RunTime:0.001022s ]

[ 2015-08-31T11:23:40+08:00 ] 127.0.0.1 /shop/index.php/Home/Index/images/biao3.gif
INFO: [ app_init ] --START--
INFO: Run Behavior\BuildLiteBehavior [ RunTime:0.000040s ]
INFO: [ app_init ] --END-- [ RunTime:0.000949s ]

[ 2015-08-31T11:23:40+08:00 ] 127.0.0.1 /shop/index.php/Home/Index/images/top_1.gif
INFO: [ app_init ] --START--
INFO: Run Behavior\BuildLiteBehavior [ RunTime:0.000041s ]
INFO: [ app_init ] --END-- [ RunTime:0.001450s ]

[ 2015-08-31T11:23:40+08:00 ] 127.0.0.1 /shop/index.php/Home/Index/images/3_thumb_G_1241422082679.jpg
INFO: [ app_init ] --START--
INFO: Run Behavior\BuildLiteBehavior [ RunTime:0.000039s ]
INFO: [ app_init ] --END-- [ RunTime:0.001125s ]

[ 2015-08-31T11:23:40+08:00 ] 127.0.0.1 /shop/index.php/Home/Index/images/biao6.gif
INFO: [ app_init ] --START--
INFO: Run Behavior\BuildLiteBehavior [ RunTime:0.000042s ]
INFO: [ app_init ] --END-- [ RunTime:0.001028s ]

[ 2015-08-31T11:23:40+08:00 ] 127.0.0.1 /shop/index.php/Home/Index/images/top_5.gif
INFO: [ app_init ] --START--
INFO: Run Behavior\BuildLiteBehavior [ RunTime:0.000041s ]
INFO: [ app_init ] --END-- [ RunTime:0.004924s ]

[ 2015-08-31T11:23:40+08:00 ] 127.0.0.1 /shop/index.php/Home/Index/images/top_2.gif
INFO: [ app_init ] --START--
INFO: Run Behavior\BuildLiteBehavior [ RunTime:0.000041s ]
INFO: [ app_init ] --END-- [ RunTime:0.002456s ]

[ 2015-08-31T11:23:40+08:00 ] 127.0.0.1 /shop/index.php/Home/Index/images/1240802922410634065.gif
INFO: [ app_init ] --START--
INFO: Run Behavior\BuildLiteBehavior [ RunTime:0.000037s ]
INFO: [ app_init ] --END-- [ RunTime:0.000870s ]

[ 2015-08-31T11:23:40+08:00 ] 127.0.0.1 /shop/index.php/Home/Index/images/top_6.gif
INFO: [ app_init ] --START--
INFO: Run Behavior\BuildLiteBehavior [ RunTime:0.000040s ]
INFO: [ app_init ] --END-- [ RunTime:0.000859s ]

[ 2015-08-31T11:23:40+08:00 ] 127.0.0.1 /shop/index.php/Home/Index/images/111.jpg
INFO: [ app_init ] --START--
INFO: Run Behavior\BuildLiteBehavior [ RunTime:0.000044s ]
INFO: [ app_init ] --END-- [ RunTime:0.002620s ]

[ 2015-08-31T11:23:40+08:00 ] 127.0.0.1 /shop/index.php/Home/Index/images/1240803144788047486.gif
INFO: [ app_init ] --START--
INFO: Run Behavior\BuildLiteBehavior [ RunTime:0.000040s ]
INFO: [ app_init ] --END-- [ RunTime:0.001502s ]

[ 2015-08-31T11:23:40+08:00 ] 127.0.0.1 /shop/index.php/Home/Index/images/top_7.gif
INFO: [ app_init ] --START--
INFO: Run Behavior\BuildLiteBehavior [ RunTime:0.000039s ]
INFO: [ app_init ] --END-- [ RunTime:0.001781s ]

[ 2015-08-31T11:23:40+08:00 ] 127.0.0.1 /shop/index.php/Home/Index/images/1240803062307572427.gif
INFO: [ app_init ] --START--
INFO: Run Behavior\BuildLiteBehavior [ RunTime:0.000046s ]
INFO: [ app_init ] --END-- [ RunTime:0.002230s ]

[ 2015-08-31T11:23:40+08:00 ] 127.0.0.1 /shop/index.php/Home/Index/images/9_thumb_G_1241511871555.jpg
INFO: [ app_init ] --START--
INFO: Run Behavior\BuildLiteBehavior [ RunTime:0.000042s ]
INFO: [ app_init ] --END-- [ RunTime:0.002018s ]

[ 2015-08-31T11:23:40+08:00 ] 127.0.0.1 /shop/index.php/Home/Index/images/ecmoban_link.jpg
INFO: [ app_init ] --START--
INFO: Run Behavior\BuildLiteBehavior [ RunTime:0.000040s ]
INFO: [ app_init ] --END-- [ RunTime:0.001152s ]

[ 2015-08-31T11:23:40+08:00 ] 127.0.0.1 /shop/index.php/Home/Index/images/1_thumb_G_1240902890710.jpg
INFO: [ app_init ] --START--
INFO: Run Behavior\BuildLiteBehavior [ RunTime:0.000036s ]
INFO: [ app_init ] --END-- [ RunTime:0.000913s ]

[ 2015-08-31T11:23:40+08:00 ] 127.0.0.1 /shop/index.php/Home/Index/images/8_thumb_G_1241425513488.jpg
INFO: [ app_init ] --START--
INFO: Run Behavior\BuildLiteBehavior [ RunTime:0.000042s ]
INFO: [ app_init ] --END-- [ RunTime:0.001294s ]

[ 2015-08-31T11:23:40+08:00 ] 127.0.0.1 /shop/index.php/Home/Index/images/yongda_logo.gif
INFO: [ app_init ] --START--
INFO: Run Behavior\BuildLiteBehavior [ RunTime:0.000038s ]
INFO: [ app_init ] --END-- [ RunTime:0.001196s ]

[ 2015-08-31T11:23:40+08:00 ] 127.0.0.1 /shop/index.php/Home/Index/images/di.jpg
INFO: [ app_init ] --START--
INFO: Run Behavior\BuildLiteBehavior [ RunTime:0.000041s ]
INFO: [ app_init ] --END-- [ RunTime:0.001032s ]

[ 2015-08-31T11:23:41+08:00 ] 127.0.0.1 /shop/index.php/Home/Index/images/biao7.gif
INFO: [ app_init ] --START--
INFO: Run Behavior\BuildLiteBehavior [ RunTime:0.000040s ]
INFO: [ app_init ] --END-- [ RunTime:0.000893s ]

[ 2015-08-31T11:23:41+08:00 ] 127.0.0.1 /shop/index.php/Home/Index/images/biao6.gif
INFO: [ app_init ] --START--
INFO: Run Behavior\BuildLiteBehavior [ RunTime:0.000037s ]
INFO: [ app_init ] --END-- [ RunTime:0.000863s ]

[ 2015-08-31T11:23:41+08:00 ] 127.0.0.1 /shop/index.php/Home/Index/images/logo.gif
INFO: [ app_init ] --START--
INFO: Run Behavior\BuildLiteBehavior [ RunTime:0.000037s ]
INFO: [ app_init ] --END-- [ RunTime:0.000921s ]

[ 2015-08-31T11:23:41+08:00 ] 127.0.0.1 /shop/index.php/Home/Index/images/biao3.gif
INFO: [ app_init ] --START--
INFO: Run Behavior\BuildLiteBehavior [ RunTime:0.000041s ]
INFO: [ app_init ] --END-- [ RunTime:0.000935s ]

[ 2015-08-31T11:23:41+08:00 ] 127.0.0.1 /shop/index.php/Home/Index/images/sousuo.gif
INFO: [ app_init ] --START--
INFO: Run Behavior\BuildLiteBehavior [ RunTime:0.000042s ]
INFO: [ app_init ] --END-- [ RunTime:0.001210s ]

[ 2015-08-31T11:25:14+08:00 ] 127.0.0.1 /shop/index.php/Home/Index/index
INFO: [ app_init ] --START--
INFO: Run Behavior\BuildLiteBehavior [ RunTime:0.000046s ]
INFO: [ app_init ] --END-- [ RunTime:0.001937s ]
INFO: [ app_begin ] --START--
INFO: Run Behavior\ReadHtmlCacheBehavior [ RunTime:0.001568s ]
INFO: [ app_begin ] --END-- [ RunTime:0.001754s ]
INFO: [ view_parse ] --START--
INFO: [ template_filter ] --START--
INFO: Run Behavior\ContentReplaceBehavior [ RunTime:0.000622s ]
INFO: [ template_filter ] --END-- [ RunTime:0.000893s ]
INFO: Run Behavior\ParseTemplateBehavior [ RunTime:0.041108s ]
INFO: [ view_parse ] --END-- [ RunTime:0.041251s ]
INFO: [ view_filter ] --START--
INFO: Run Behavior\WriteHtmlCacheBehavior [ RunTime:0.000611s ]
INFO: [ view_filter ] --END-- [ RunTime:0.000707s ]
INFO: [ app_end ] --START--
INFO: Run Behavior\ShowPageTraceBehavior [ RunTime:0.001209s ]
INFO: [ app_end ] --END-- [ RunTime:0.001380s ]

[ 2015-08-31T11:32:05+08:00 ] 127.0.0.1 /shop/index.php/Home/Index/index
INFO: [ app_init ] --START--
INFO: Run Behavior\BuildLiteBehavior [ RunTime:0.000029s ]
INFO: [ app_init ] --END-- [ RunTime:0.000793s ]
INFO: [ app_begin ] --START--
INFO: Run Behavior\ReadHtmlCacheBehavior [ RunTime:0.001260s ]
INFO: [ app_begin ] --END-- [ RunTime:0.001404s ]
INFO: [ view_parse ] --START--
INFO: [ template_filter ] --START--
INFO: Run Behavior\ContentReplaceBehavior [ RunTime:0.000573s ]
INFO: [ template_filter ] --END-- [ RunTime:0.000883s ]
INFO: Run Behavior\ParseTemplateBehavior [ RunTime:0.034788s ]
INFO: [ view_parse ] --END-- [ RunTime:0.035023s ]
INFO: [ view_filter ] --START--
INFO: Run Behavior\WriteHtmlCacheBehavior [ RunTime:0.002886s ]
INFO: [ view_filter ] --END-- [ RunTime:0.003042s ]
INFO: [ app_end ] --START--
INFO: Run Behavior\ShowPageTraceBehavior [ RunTime:0.002579s ]
INFO: [ app_end ] --END-- [ RunTime:0.002866s ]

[ 2015-08-31T11:34:19+08:00 ] 127.0.0.1 /shop/index.php/Home/Index/index
INFO: [ app_init ] --START--
INFO: Run Behavior\BuildLiteBehavior [ RunTime:0.000043s ]
INFO: [ app_init ] --END-- [ RunTime:0.001562s ]
INFO: [ app_begin ] --START--
INFO: Run Behavior\ReadHtmlCacheBehavior [ RunTime:0.001709s ]
INFO: [ app_begin ] --END-- [ RunTime:0.001880s ]
INFO: [ view_parse ] --START--
INFO: [ template_filter ] --START--
INFO: Run Behavior\ContentReplaceBehavior [ RunTime:0.000262s ]
INFO: [ template_filter ] --END-- [ RunTime:0.000394s ]
INFO: Run Behavior\ParseTemplateBehavior [ RunTime:0.050744s ]
INFO: [ view_parse ] --END-- [ RunTime:0.050928s ]
INFO: [ view_filter ] --START--
INFO: Run Behavior\WriteHtmlCacheBehavior [ RunTime:0.001030s ]
INFO: [ view_filter ] --END-- [ RunTime:0.001212s ]
INFO: [ app_end ] --START--
INFO: Run Behavior\ShowPageTraceBehavior [ RunTime:0.001782s ]
INFO: [ app_end ] --END-- [ RunTime:0.002203s ]

[ 2015-08-31T11:40:40+08:00 ] 127.0.0.1 /shop/index.php/Home/Index/index
INFO: [ app_init ] --START--
INFO: Run Behavior\BuildLiteBehavior [ RunTime:0.000074s ]
INFO: [ app_init ] --END-- [ RunTime:0.001010s ]
INFO: [ app_begin ] --START--
INFO: Run Behavior\ReadHtmlCacheBehavior [ RunTime:0.001682s ]
INFO: [ app_begin ] --END-- [ RunTime:0.001877s ]
INFO: [ view_parse ] --START--
INFO: [ template_filter ] --START--
INFO: Run Behavior\ContentReplaceBehavior [ RunTime:0.000361s ]
INFO: [ template_filter ] --END-- [ RunTime:0.000509s ]
INFO: Run Behavior\ParseTemplateBehavior [ RunTime:0.037571s ]
INFO: [ view_parse ] --END-- [ RunTime:0.037869s ]
INFO: [ view_filter ] --START--
INFO: Run Behavior\WriteHtmlCacheBehavior [ RunTime:0.001589s ]
INFO: [ view_filter ] --END-- [ RunTime:0.001842s ]
INFO: [ app_end ] --START--
INFO: Run Behavior\ShowPageTraceBehavior [ RunTime:0.001881s ]
INFO: [ app_end ] --END-- [ RunTime:0.002084s ]

[ 2015-08-31T11:41:20+08:00 ] 127.0.0.1 /shop/index.php/Home/User/login
INFO: [ app_init ] --START--
INFO: Run Behavior\BuildLiteBehavior [ RunTime:0.000043s ]
INFO: [ app_init ] --END-- [ RunTime:0.001113s ]
INFO: [ app_begin ] --START--
INFO: Run Behavior\ReadHtmlCacheBehavior [ RunTime:0.001318s ]
INFO: [ app_begin ] --END-- [ RunTime:0.001500s ]
INFO: [ view_parse ] --START--
INFO: [ template_filter ] --START--
INFO: Run Behavior\ContentReplaceBehavior [ RunTime:0.000070s ]
INFO: [ template_filter ] --END-- [ RunTime:0.000187s ]
INFO: Run Behavior\ParseTemplateBehavior [ RunTime:0.010417s ]
INFO: [ view_parse ] --END-- [ RunTime:0.010615s ]
INFO: [ view_filter ] --START--
INFO: Run Behavior\WriteHtmlCacheBehavior [ RunTime:0.000884s ]
INFO: [ view_filter ] --END-- [ RunTime:0.001031s ]
INFO: [ app_end ] --START--
INFO: Run Behavior\ShowPageTraceBehavior [ RunTime:0.001208s ]
INFO: [ app_end ] --END-- [ RunTime:0.001365s ]

[ 2015-08-31T11:41:38+08:00 ] 127.0.0.1 /shop/index.php/Home/User/login
INFO: [ app_init ] --START--
INFO: Run Behavior\BuildLiteBehavior [ RunTime:0.000027s ]
INFO: [ app_init ] --END-- [ RunTime:0.000639s ]
INFO: [ app_begin ] --START--
INFO: Run Behavior\ReadHtmlCacheBehavior [ RunTime:0.000959s ]
INFO: [ app_begin ] --END-- [ RunTime:0.001088s ]
INFO: [ view_parse ] --START--
INFO: [ template_filter ] --START--
INFO: Run Behavior\ContentReplaceBehavior [ RunTime:0.000241s ]
INFO: [ template_filter ] --END-- [ RunTime:0.000435s ]
INFO: Run Behavior\ParseTemplateBehavior [ RunTime:0.023414s ]
INFO: [ view_parse ] --END-- [ RunTime:0.023594s ]
INFO: [ view_filter ] --START--
INFO: Run Behavior\WriteHtmlCacheBehavior [ RunTime:0.000715s ]
INFO: [ view_filter ] --END-- [ RunTime:0.000857s ]
INFO: [ app_end ] --START--
INFO: Run Behavior\ShowPageTraceBehavior [ RunTime:0.017432s ]
INFO: [ app_end ] --END-- [ RunTime:0.017641s ]

[ 2015-08-31T11:41:38+08:00 ] 127.0.0.1 /shop/index.php/Home/User/css/style.css
INFO: [ app_init ] --START--
INFO: Run Behavior\BuildLiteBehavior [ RunTime:0.000031s ]
INFO: [ app_init ] --END-- [ RunTime:0.000929s ]
INFO: [ app_begin ] --START--
INFO: Run Behavior\ReadHtmlCacheBehavior [ RunTime:0.000893s ]
INFO: [ app_begin ] --END-- [ RunTime:0.001010s ]
ERR: 非法操作:css

[ 2015-08-31T11:41:38+08:00 ] 127.0.0.1 /shop/index.php/Home/User/images/biao7.gif
INFO: [ app_init ] --START--
INFO: Run Behavior\BuildLiteBehavior [ RunTime:0.000041s ]
INFO: [ app_init ] --END-- [ RunTime:0.000981s ]

[ 2015-08-31T11:41:38+08:00 ] 127.0.0.1 /shop/index.php/Home/User/images/logo.gif
INFO: [ app_init ] --START--
INFO: Run Behavior\BuildLiteBehavior [ RunTime:0.000038s ]
INFO: [ app_init ] --END-- [ RunTime:0.001424s ]

[ 2015-08-31T11:41:38+08:00 ] 127.0.0.1 /shop/index.php/Home/User/images/biao3.gif
INFO: [ app_init ] --START--
INFO: Run Behavior\BuildLiteBehavior [ RunTime:0.000039s ]
INFO: [ app_init ] --END-- [ RunTime:0.000939s ]

[ 2015-08-31T11:41:38+08:00 ] 127.0.0.1 /shop/index.php/Home/User/images/biao6.gif
INFO: [ app_init ] --START--
INFO: Run Behavior\BuildLiteBehavior [ RunTime:0.000044s ]
INFO: [ app_init ] --END-- [ RunTime:0.006498s ]

[ 2015-08-31T11:41:38+08:00 ] 127.0.0.1 /shop/index.php/Home/User/images/di.jpg
INFO: [ app_init ] --START--
INFO: Run Behavior\BuildLiteBehavior [ RunTime:0.000039s ]
INFO: [ app_init ] --END-- [ RunTime:0.001005s ]

[ 2015-08-31T11:41:38+08:00 ] 127.0.0.1 /shop/index.php/Home/User/images/bnt_ur_reg.gif
INFO: [ app_init ] --START--
INFO: Run Behavior\BuildLiteBehavior [ RunTime:0.000043s ]
INFO: [ app_init ] --END-- [ RunTime:0.001626s ]

[ 2015-08-31T11:41:39+08:00 ] 127.0.0.1 /shop/index.php/Home/User/images/sousuo.gif
INFO: [ app_init ] --START--
INFO: Run Behavior\BuildLiteBehavior [ RunTime:0.000034s ]
INFO: [ app_init ] --END-- [ RunTime:0.001556s ]

[ 2015-08-31T11:42:21+08:00 ] 127.0.0.1 /shop/index.php/Home/User/login
INFO: [ app_init ] --START--
INFO: Run Behavior\BuildLiteBehavior [ RunTime:0.000041s ]
INFO: [ app_init ] --END-- [ RunTime:0.001036s ]
INFO: [ app_begin ] --START--
INFO: Run Behavior\ReadHtmlCacheBehavior [ RunTime:0.002368s ]
INFO: [ app_begin ] --END-- [ RunTime:0.002560s ]
INFO: [ view_parse ] --START--
INFO: [ template_filter ] --START--
INFO: Run Behavior\ContentReplaceBehavior [ RunTime:0.000138s ]
INFO: [ template_filter ] --END-- [ RunTime:0.000272s ]
INFO: Run Behavior\ParseTemplateBehavior [ RunTime:0.024392s ]
INFO: [ view_parse ] --END-- [ RunTime:0.024638s ]
INFO: [ view_filter ] --START--
INFO: Run Behavior\WriteHtmlCacheBehavior [ RunTime:0.001614s ]
INFO: [ view_filter ] --END-- [ RunTime:0.001771s ]
INFO: [ app_end ] --START--
INFO: Run Behavior\ShowPageTraceBehavior [ RunTime:0.001599s ]
INFO: [ app_end ] --END-- [ RunTime:0.001784s ]

[ 2015-08-31T11:42:27+08:00 ] 127.0.0.1 /shop/index.php/Home/User/register
INFO: [ app_init ] --START--
INFO: Run Behavior\BuildLiteBehavior [ RunTime:0.000044s ]
INFO: [ app_init ] --END-- [ RunTime:0.014032s ]
INFO: [ app_begin ] --START--
INFO: Run Behavior\ReadHtmlCacheBehavior [ RunTime:0.001548s ]
INFO: [ app_begin ] --END-- [ RunTime:0.001742s ]
INFO: [ view_parse ] --START--
INFO: [ template_filter ] --START--
INFO: Run Behavior\ContentReplaceBehavior [ RunTime:0.000265s ]
INFO: [ template_filter ] --END-- [ RunTime:0.000551s ]
INFO: Run Behavior\ParseTemplateBehavior [ RunTime:0.027691s ]
INFO: [ view_parse ] --END-- [ RunTime:0.027914s ]
INFO: [ view_filter ] --START--
INFO: Run Behavior\WriteHtmlCacheBehavior [ RunTime:0.004058s ]
INFO: [ view_filter ] --END-- [ RunTime:0.004384s ]
INFO: [ app_end ] --START--
INFO: Run Behavior\ShowPageTraceBehavior [ RunTime:0.001597s ]
INFO: [ app_end ] --END-- [ RunTime:0.001791s ]

[ 2015-08-31T11:42:27+08:00 ] 127.0.0.1 /shop/index.php/Home/User/css/style.css
INFO: [ app_init ] --START--
INFO: Run Behavior\BuildLiteBehavior [ RunTime:0.000714s ]
INFO: [ app_init ] --END-- [ RunTime:0.002240s ]
INFO: [ app_begin ] --START--
INFO: Run Behavior\ReadHtmlCacheBehavior [ RunTime:0.001582s ]
INFO: [ app_begin ] --END-- [ RunTime:0.001811s ]
ERR: 非法操作:css

[ 2015-08-31T11:42:27+08:00 ] 127.0.0.1 /shop/index.php/Home/User/images/biao6.gif
INFO: [ app_init ] --START--
INFO: Run Behavior\BuildLiteBehavior [ RunTime:0.000046s ]
INFO: [ app_init ] --END-- [ RunTime:0.001429s ]

[ 2015-08-31T11:42:27+08:00 ] 127.0.0.1 /shop/index.php/Home/User/images/biao3.gif
INFO: [ app_init ] --START--
INFO: Run Behavior\BuildLiteBehavior [ RunTime:0.000089s ]
INFO: [ app_init ] --END-- [ RunTime:0.004924s ]

[ 2015-08-31T11:42:27+08:00 ] 127.0.0.1 /shop/index.php/Home/User/images/ecmoban_link.jpg
INFO: [ app_init ] --START--
INFO: Run Behavior\BuildLiteBehavior [ RunTime:0.000042s ]
INFO: [ app_init ] --END-- [ RunTime:0.000958s ]

[ 2015-08-31T11:42:27+08:00 ] 127.0.0.1 /shop/index.php/Home/User/images/biao7.gif
INFO: [ app_init ] --START--
INFO: Run Behavior\BuildLiteBehavior [ RunTime:0.000053s ]
INFO: [ app_init ] --END-- [ RunTime:0.008421s ]

[ 2015-08-31T11:42:27+08:00 ] 127.0.0.1 /shop/index.php/Home/User/images/logo.gif
INFO: [ app_init ] --START--
INFO: Run Behavior\BuildLiteBehavior [ RunTime:0.000038s ]
INFO: [ app_init ] --END-- [ RunTime:0.001039s ]

[ 2015-08-31T11:42:27+08:00 ] 127.0.0.1 /shop/index.php/Home/User/images/yongda_logo.gif
INFO: [ app_init ] --START--
INFO: Run Behavior\BuildLiteBehavior [ RunTime:0.000038s ]
INFO: [ app_init ] --END-- [ RunTime:0.000961s ]

[ 2015-08-31T11:42:27+08:00 ] 127.0.0.1 /shop/index.php/Home/User/images/sousuo.gif
INFO: [ app_init ] --START--
INFO: Run Behavior\BuildLiteBehavior [ RunTime:0.000043s ]
INFO: [ app_init ] --END-- [ RunTime:0.005144s ]

[ 2015-08-31T11:42:27+08:00 ] 127.0.0.1 /shop/index.php/Home/User/images/di.jpg
INFO: [ app_init ] --START--
INFO: Run Behavior\BuildLiteBehavior [ RunTime:0.000116s ]
INFO: [ app_init ] --END-- [ RunTime:0.013922s ]

[ 2015-08-31T11:42:46+08:00 ] 127.0.0.1 /shop/index.php/Home/User/register
INFO: [ app_init ] --START--
INFO: Run Behavior\BuildLiteBehavior [ RunTime:0.000026s ]
INFO: [ app_init ] --END-- [ RunTime:0.000636s ]
INFO: [ app_begin ] --START--
INFO: Run Behavior\ReadHtmlCacheBehavior [ RunTime:0.002858s ]
INFO: [ app_begin ] --END-- [ RunTime:0.003190s ]
INFO: [ view_parse ] --START--
INFO: [ template_filter ] --START--
INFO: Run Behavior\ContentReplaceBehavior [ RunTime:0.000330s ]
INFO: [ template_filter ] --END-- [ RunTime:0.000524s ]
INFO: Run Behavior\ParseTemplateBehavior [ RunTime:0.040113s ]
INFO: [ view_parse ] --END-- [ RunTime:0.040327s ]
INFO: [ view_filter ] --START--
INFO: Run Behavior\WriteHtmlCacheBehavior [ RunTime:0.001624s ]
INFO: [ view_filter ] --END-- [ RunTime:0.001837s ]
INFO: [ app_end ] --START--
INFO: Run Behavior\ShowPageTraceBehavior [ RunTime:0.001818s ]
INFO: [ app_end ] --END-- [ RunTime:0.002013s ]

[ 2015-08-31T11:43:55+08:00 ] 127.0.0.1 /shop/index.php/Home/Goods/showlist
INFO: [ app_init ] --START--
INFO: Run Behavior\BuildLiteBehavior [ RunTime:0.000043s ]
INFO: [ app_init ] --END-- [ RunTime:0.000929s ]
INFO: [ app_begin ] --START--
INFO: Run Behavior\ReadHtmlCacheBehavior [ RunTime:0.001200s ]
INFO: [ app_begin ] --END-- [ RunTime:0.001383s ]
INFO: [ view_parse ] --START--
INFO: [ template_filter ] --START--
INFO: Run Behavior\ContentReplaceBehavior [ RunTime:0.000493s ]
INFO: [ template_filter ] --END-- [ RunTime:0.000710s ]
INFO: Run Behavior\ParseTemplateBehavior [ RunTime:0.038953s ]
INFO: [ view_parse ] --END-- [ RunTime:0.039268s ]
INFO: [ view_filter ] --START--
INFO: Run Behavior\WriteHtmlCacheBehavior [ RunTime:0.000667s ]
INFO: [ view_filter ] --END-- [ RunTime:0.000805s ]
INFO: [ app_end ] --START--
INFO: Run Behavior\ShowPageTraceBehavior [ RunTime:0.001158s ]
INFO: [ app_end ] --END-- [ RunTime:0.001389s ]

[ 2015-08-31T11:44:01+08:00 ] 127.0.0.1 /shop/index.php/Home/Goods/detail
INFO: [ app_init ] --START--
INFO: Run Behavior\BuildLiteBehavior [ RunTime:0.000041s ]
INFO: [ app_init ] --END-- [ RunTime:0.000960s ]
INFO: [ app_begin ] --START--
INFO: Run Behavior\ReadHtmlCacheBehavior [ RunTime:0.001800s ]
INFO: [ app_begin ] --END-- [ RunTime:0.001996s ]
INFO: [ view_parse ] --START--
INFO: [ template_filter ] --START--
INFO: Run Behavior\ContentReplaceBehavior [ RunTime:0.000536s ]
INFO: [ template_filter ] --END-- [ RunTime:0.000734s ]
INFO: Run Behavior\ParseTemplateBehavior [ RunTime:0.046793s ]
INFO: [ view_parse ] --END-- [ RunTime:0.047008s ]
INFO: [ view_filter ] --START--
INFO: Run Behavior\WriteHtmlCacheBehavior [ RunTime:0.001366s ]
INFO: [ view_filter ] --END-- [ RunTime:0.001584s ]
INFO: [ app_end ] --START--
INFO: Run Behavior\ShowPageTraceBehavior [ RunTime:0.012762s ]
INFO: [ app_end ] --END-- [ RunTime:0.013212s ]

[ 2015-08-31T11:47:08+08:00 ] 127.0.0.1 /shop/index.php/Home/Index/index
INFO: [ app_init ] --START--
INFO: Run Behavior\BuildLiteBehavior [ RunTime:0.000040s ]
INFO: [ app_init ] --END-- [ RunTime:0.001041s ]
INFO: [ app_begin ] --START--
INFO: Run Behavior\ReadHtmlCacheBehavior [ RunTime:0.001688s ]
INFO: [ app_begin ] --END-- [ RunTime:0.001888s ]
INFO: [ view_parse ] --START--
INFO: [ template_filter ] --START--
INFO: Run Behavior\ContentReplaceBehavior [ RunTime:0.000342s ]
INFO: [ template_filter ] --END-- [ RunTime:0.000505s ]
INFO: Run Behavior\ParseTemplateBehavior [ RunTime:0.049104s ]
INFO: [ view_parse ] --END-- [ RunTime:0.049316s ]
INFO: [ view_filter ] --START--
INFO: Run Behavior\WriteHtmlCacheBehavior [ RunTime:0.000760s ]
INFO: [ view_filter ] --END-- [ RunTime:0.000965s ]
INFO: [ app_end ] --START--
INFO: Run Behavior\ShowPageTraceBehavior [ RunTime:0.001511s ]
INFO: [ app_end ] --END-- [ RunTime:0.001682s ]

[ 2015-08-31T11:50:55+08:00 ] 127.0.0.1 /shop/index.php/Home/Index/index
INFO: [ app_init ] --START--
INFO: Run Behavior\BuildLiteBehavior [ RunTime:0.000029s ]
INFO: [ app_init ] --END-- [ RunTime:0.000969s ]
INFO: [ app_begin ] --START--
INFO: Run Behavior\ReadHtmlCacheBehavior [ RunTime:0.001126s ]
INFO: [ app_begin ] --END-- [ RunTime:0.001280s ]
INFO: [ view_parse ] --START--
INFO: [ template_filter ] --START--
INFO: Run Behavior\ContentReplaceBehavior [ RunTime:0.000473s ]
INFO: [ template_filter ] --END-- [ RunTime:0.000669s ]
INFO: Run Behavior\ParseTemplateBehavior [ RunTime:0.035121s ]
INFO: [ view_parse ] --END-- [ RunTime:0.035357s ]
INFO: [ view_filter ] --START--
INFO: Run Behavior\WriteHtmlCacheBehavior [ RunTime:0.011784s ]
INFO: [ view_filter ] --END-- [ RunTime:0.011965s ]
INFO: [ app_end ] --START--
INFO: Run Behavior\ShowPageTraceBehavior [ RunTime:0.003116s ]
INFO: [ app_end ] --END-- [ RunTime:0.003317s ]

[ 2015-08-31T11:51:00+08:00 ] 127.0.0.1 /shop/index.php/Home/Goods/detail
INFO: [ app_init ] --START--
INFO: Run Behavior\BuildLiteBehavior [ RunTime:0.000040s ]
INFO: [ app_init ] --END-- [ RunTime:0.001201s ]
INFO: [ app_begin ] --START--
INFO: Run Behavior\ReadHtmlCacheBehavior [ RunTime:0.002095s ]
INFO: [ app_begin ] --END-- [ RunTime:0.002305s ]
INFO: [ view_parse ] --START--
INFO: [ template_filter ] --START--
INFO: Run Behavior\ContentReplaceBehavior [ RunTime:0.000567s ]
INFO: [ template_filter ] --END-- [ RunTime:0.000797s ]
INFO: Run Behavior\ParseTemplateBehavior [ RunTime:0.082281s ]
INFO: [ view_parse ] --END-- [ RunTime:0.082483s ]
INFO: [ view_filter ] --START--
INFO: Run Behavior\WriteHtmlCacheBehavior [ RunTime:0.000663s ]
INFO: [ view_filter ] --END-- [ RunTime:0.000809s ]
INFO: [ app_end ] --START--
INFO: Run Behavior\ShowPageTraceBehavior [ RunTime:0.002062s ]
INFO: [ app_end ] --END-- [ RunTime:0.002270s ]

[ 2015-08-31T11:54:14+08:00 ] 127.0.0.1 /shop/index.php/Home/Goods/detail
INFO: [ app_init ] --START--
INFO: Run Behavior\BuildLiteBehavior [ RunTime:0.000040s ]
INFO: [ app_init ] --END-- [ RunTime:0.001089s ]
INFO: [ app_begin ] --START--
INFO: Run Behavior\ReadHtmlCacheBehavior [ RunTime:0.001070s ]
INFO: [ app_begin ] --END-- [ RunTime:0.001185s ]
INFO: [ view_parse ] --START--
INFO: [ template_filter ] --START--
INFO: Run Behavior\ContentReplaceBehavior [ RunTime:0.000648s ]
INFO: [ template_filter ] --END-- [ RunTime:0.001120s ]
INFO: Run Behavior\ParseTemplateBehavior [ RunTime:0.033240s ]
INFO: [ view_parse ] --END-- [ RunTime:0.033604s ]
INFO: [ view_filter ] --START--
INFO: Run Behavior\WriteHtmlCacheBehavior [ RunTime:0.001023s ]
INFO: [ view_filter ] --END-- [ RunTime:0.001261s ]
INFO: [ app_end ] --START--
INFO: Run Behavior\ShowPageTraceBehavior [ RunTime:0.001979s ]
INFO: [ app_end ] --END-- [ RunTime:0.002212s ]

[ 2015-08-31T15:11:27+08:00 ] 127.0.0.1 /shop/index.php/Home/User/login
INFO: [ app_init ] --START--
INFO: Run Behavior\BuildLiteBehavior [ RunTime:0.000045s ]
INFO: [ app_init ] --END-- [ RunTime:0.001570s ]
INFO: [ app_begin ] --START--
INFO: Run Behavior\ReadHtmlCacheBehavior [ RunTime:0.002497s ]
INFO: [ app_begin ] --END-- [ RunTime:0.002955s ]
INFO: [ view_parse ] --START--
INFO: [ template_filter ] --START--
INFO: Run Behavior\ContentReplaceBehavior [ RunTime:0.000141s ]
INFO: [ template_filter ] --END-- [ RunTime:0.000279s ]
INFO: Run Behavior\ParseTemplateBehavior [ RunTime:0.018211s ]
INFO: [ view_parse ] --END-- [ RunTime:0.018454s ]
INFO: [ view_filter ] --START--
INFO: Run Behavior\WriteHtmlCacheBehavior [ RunTime:0.000953s ]
INFO: [ view_filter ] --END-- [ RunTime:0.001180s ]
INFO: [ app_end ] --START--
INFO: Run Behavior\ShowPageTraceBehavior [ RunTime:0.001470s ]
INFO: [ app_end ] --END-- [ RunTime:0.001927s ]

[ 2015-08-31T15:11:35+08:00 ] 127.0.0.1 /shop/index.php/Home/User/login.html
INFO: [ app_init ] --START--
INFO: Run Behavior\BuildLiteBehavior [ RunTime:0.000040s ]
INFO: [ app_init ] --END-- [ RunTime:0.001220s ]
INFO: [ app_begin ] --START--
INFO: Run Behavior\ReadHtmlCacheBehavior [ RunTime:0.001624s ]
INFO: [ app_begin ] --END-- [ RunTime:0.001810s ]
INFO: [ view_parse ] --START--
INFO: [ template_filter ] --START--
INFO: Run Behavior\ContentReplaceBehavior [ RunTime:0.000201s ]
INFO: [ template_filter ] --END-- [ RunTime:0.000396s ]
INFO: Run Behavior\ParseTemplateBehavior [ RunTime:0.048829s ]
INFO: [ view_parse ] --END-- [ RunTime:0.049077s ]
INFO: [ view_filter ] --START--
INFO: Run Behavior\WriteHtmlCacheBehavior [ RunTime:0.001116s ]
INFO: [ view_filter ] --END-- [ RunTime:0.001276s ]
INFO: [ app_end ] --START--
INFO: Run Behavior\ShowPageTraceBehavior [ RunTime:0.001788s ]
INFO: [ app_end ] --END-- [ RunTime:0.002025s ]

[ 2015-08-31T16:37:02+08:00 ] 127.0.0.1 /shop/index.php?m=Home&c=User&a=login
INFO: [ app_init ] --START--
INFO: Run Behavior\BuildLiteBehavior [ RunTime:0.000027s ]
INFO: [ app_init ] --END-- [ RunTime:0.000848s ]
INFO: [ app_begin ] --START--
INFO: Run Behavior\ReadHtmlCacheBehavior [ RunTime:0.001144s ]
INFO: [ app_begin ] --END-- [ RunTime:0.001264s ]
INFO: [ view_parse ] --START--
INFO: [ template_filter ] --START--
INFO: Run Behavior\ContentReplaceBehavior [ RunTime:0.000153s ]
INFO: [ template_filter ] --END-- [ RunTime:0.000382s ]
INFO: Run Behavior\ParseTemplateBehavior [ RunTime:0.017604s ]
INFO: [ view_parse ] --END-- [ RunTime:0.017759s ]
INFO: [ view_filter ] --START--
INFO: Run Behavior\WriteHtmlCacheBehavior [ RunTime:0.000911s ]
INFO: [ view_filter ] --END-- [ RunTime:0.001086s ]
INFO: [ app_end ] --START--
INFO: Run Behavior\ShowPageTraceBehavior [ RunTime:0.001473s ]
INFO: [ app_end ] --END-- [ RunTime:0.001689s ]

[ 2015-08-31T16:37:56+08:00 ] 127.0.0.1 /shop/index.php/Home/User/login
INFO: [ app_init ] --START--
INFO: Run Behavior\BuildLiteBehavior [ RunTime:0.000029s ]
INFO: [ app_init ] --END-- [ RunTime:0.000952s ]
INFO: [ app_begin ] --START--
INFO: Run Behavior\ReadHtmlCacheBehavior [ RunTime:0.001722s ]
INFO: [ app_begin ] --END-- [ RunTime:0.001891s ]
INFO: [ view_parse ] --START--
INFO: [ template_filter ] --START--
INFO: Run Behavior\ContentReplaceBehavior [ RunTime:0.000154s ]
INFO: [ template_filter ] --END-- [ RunTime:0.000293s ]
INFO: Run Behavior\ParseTemplateBehavior [ RunTime:0.023517s ]
INFO: [ view_parse ] --END-- [ RunTime:0.023911s ]
INFO: [ view_filter ] --START--
INFO: Run Behavior\WriteHtmlCacheBehavior [ RunTime:0.000968s ]
INFO: [ view_filter ] --END-- [ RunTime:0.001094s ]
INFO: [ app_end ] --START--
INFO: Run Behavior\ShowPageTraceBehavior [ RunTime:0.001546s ]
INFO: [ app_end ] --END-- [ RunTime:0.001671s ]

[ 2015-08-31T16:37:56+08:00 ] 127.0.0.1 /shop/index.php/Home/User/Home/Public/css/style.css
INFO: [ app_init ] --START--
INFO: Run Behavior\BuildLiteBehavior [ RunTime:0.000039s ]
INFO: [ app_init ] --END-- [ RunTime:0.000981s ]
INFO: [ app_begin ] --START--
INFO: Run Behavior\ReadHtmlCacheBehavior [ RunTime:0.001430s ]
INFO: [ app_begin ] --END-- [ RunTime:0.001617s ]
ERR: 非法操作:Home

[ 2015-08-31T16:38:33+08:00 ] 127.0.0.1 /shop/index.php/Home/User/login
INFO: [ app_init ] --START--
INFO: Run Behavior\BuildLiteBehavior [ RunTime:0.000028s ]
INFO: [ app_init ] --END-- [ RunTime:0.000687s ]
INFO: [ app_begin ] --START--
INFO: Run Behavior\ReadHtmlCacheBehavior [ RunTime:0.001338s ]
INFO: [ app_begin ] --END-- [ RunTime:0.001550s ]
INFO: [ view_parse ] --START--
INFO: [ template_filter ] --START--
INFO: Run Behavior\ContentReplaceBehavior [ RunTime:0.000221s ]
INFO: [ template_filter ] --END-- [ RunTime:0.000457s ]
INFO: Run Behavior\ParseTemplateBehavior [ RunTime:0.019070s ]
INFO: [ view_parse ] --END-- [ RunTime:0.019266s ]
INFO: [ view_filter ] --START--
INFO: Run Behavior\WriteHtmlCacheBehavior [ RunTime:0.000743s ]
INFO: [ view_filter ] --END-- [ RunTime:0.000916s ]
INFO: [ app_end ] --START--
INFO: Run Behavior\ShowPageTraceBehavior [ RunTime:0.002379s ]
INFO: [ app_end ] --END-- [ RunTime:0.002594s ]

[ 2015-08-31T16:38:33+08:00 ] 127.0.0.1 /shop/index.php/Home/User/Home/Public/css/style.css
INFO: [ app_init ] --START--
INFO: Run Behavior\BuildLiteBehavior [ RunTime:0.000028s ]
INFO: [ app_init ] --END-- [ RunTime:0.000794s ]
INFO: [ app_begin ] --START--
INFO: Run Behavior\ReadHtmlCacheBehavior [ RunTime:0.001539s ]
INFO: [ app_begin ] --END-- [ RunTime:0.001756s ]
ERR: 非法操作:Home

[ 2015-08-31T16:38:39+08:00 ] 127.0.0.1 /shop/index.php/Home/User/login
INFO: [ app_init ] --START--
INFO: Run Behavior\BuildLiteBehavior [ RunTime:0.000089s ]
INFO: [ app_init ] --END-- [ RunTime:0.001146s ]
INFO: [ app_begin ] --START--
INFO: Run Behavior\ReadHtmlCacheBehavior [ RunTime:0.001334s ]
INFO: [ app_begin ] --END-- [ RunTime:0.001466s ]
INFO: [ view_parse ] --START--
INFO: [ template_filter ] --START--
INFO: Run Behavior\ContentReplaceBehavior [ RunTime:0.000151s ]
INFO: [ template_filter ] --END-- [ RunTime:0.000283s ]
INFO: Run Behavior\ParseTemplateBehavior [ RunTime:0.016613s ]
INFO: [ view_parse ] --END-- [ RunTime:0.017042s ]
INFO: [ view_filter ] --START--
INFO: Run Behavior\WriteHtmlCacheBehavior [ RunTime:0.000844s ]
INFO: [ view_filter ] --END-- [ RunTime:0.001001s ]
INFO: [ app_end ] --START--
INFO: Run Behavior\ShowPageTraceBehavior [ RunTime:0.001255s ]
INFO: [ app_end ] --END-- [ RunTime:0.001396s ]

[ 2015-08-31T16:38:40+08:00 ] 127.0.0.1 /shop/index.php/Home/User/Home/Public/css/style.css
INFO: [ app_init ] --START--
INFO: Run Behavior\BuildLiteBehavior [ RunTime:0.000041s ]
INFO: [ app_init ] --END-- [ RunTime:0.001166s ]
INFO: [ app_begin ] --START--
INFO: Run Behavior\ReadHtmlCacheBehavior [ RunTime:0.001554s ]
INFO: [ app_begin ] --END-- [ RunTime:0.001761s ]
ERR: 非法操作:Home

[ 2015-08-31T17:02:16+08:00 ] 127.0.0.1 /shop/index.php/Home/User/Home/Public/css/style.css
ERR: 非法操作:Home

[ 2015-08-31T17:28:13+08:00 ] 127.0.0.1 /shop/
ERR: Syntax Error in template "E:/web/0710/shop/Home/View\Index\index.html"  on line 406 ".boxCenterList form{display:inline;}"  - Unexpected ":", expected one of: "}" , " "

